Info: Series:GW1N-9C Device:GW1NR-9C Package:QFN88P Speed:C6/I5

Info: Packing constants..
Info: Packing Shadow RAM..
Info: Packing GSR..
Info: Packing IOs..
Info: Packing diff IOs..
Info: Packing IO logic..
Info: Packing wide LUTs..
Info: Packing LUT5s..
Info: Packing LUT6s..
Info: Packing LUT7s..
Info: Packing LUT8s..
Info: Packing ALUs..
Info: Packing LUT-FFs..
Info: Packing non-LUT FFs..
Info: Packing PLLs..
Info: Checksum: 0x8d895494

Info: Annotating ports with timing budgets for target frequency 12.00 MHz
Info: Checksum: 0x8d895494

Info: Device utilisation:
Info: 	                 VCC:     1/    1   100%
Info: 	               SLICE:   742/ 8640     8%
Info: 	                 IOB:    21/  274     7%
Info: 	                ODDR:     0/  274     0%
Info: 	           MUX2_LUT5:    93/ 4320     2%
Info: 	           MUX2_LUT6:    38/ 2160     1%
Info: 	           MUX2_LUT7:    17/ 1080     1%
Info: 	           MUX2_LUT8:     8/ 1056     0%
Info: 	                 GND:     1/    1   100%
Info: 	                RAMW:     0/  270     0%
Info: 	                 GSR:     1/    1   100%
Info: 	                 OSC:     0/    1     0%
Info: 	                rPLL:     0/    2     0%

Info: Placed 21 cells based on constraints.
Info: Creating initial analytic placement for 429 cells, random placement wirelen = 17075.
Info:     at initial placer iter 0, wirelen = 886
Info:     at initial placer iter 1, wirelen = 707
Info:     at initial placer iter 2, wirelen = 695
Info:     at initial placer iter 3, wirelen = 725
Info: Running main analytical placer, max placement attempts per cell = 106260.
Info:     at iteration #1, type SLICE: wirelen solved = 735, spread = 3197, legal = 3204; time = 0.02s
Info:     at iteration #1, type MUX2_LUT5: wirelen solved = 3094, spread = 3172, legal = 3185; time = 0.01s
Info:     at iteration #1, type VCC: wirelen solved = 3185, spread = 3185, legal = 3185; time = 0.01s
Info:     at iteration #1, type MUX2_LUT6: wirelen solved = 3157, spread = 3158, legal = 3153; time = 0.01s
Info:     at iteration #1, type MUX2_LUT8: wirelen solved = 3143, spread = 3158, legal = 3223; time = 0.01s
Info:     at iteration #1, type MUX2_LUT7: wirelen solved = 3216, spread = 3216, legal = 3221; time = 0.01s
Info:     at iteration #1, type GND: wirelen solved = 3221, spread = 3221, legal = 3221; time = 0.01s
Info:     at iteration #1, type GSR: wirelen solved = 3221, spread = 3221, legal = 3221; time = 0.01s
Info:     at iteration #1, type ALL: wirelen solved = 708, spread = 3120, legal = 3191; time = 0.03s
Info:     at iteration #2, type SLICE: wirelen solved = 975, spread = 2634, legal = 2783; time = 0.02s
Info:     at iteration #2, type MUX2_LUT5: wirelen solved = 2738, spread = 2747, legal = 2755; time = 0.01s
Info:     at iteration #2, type VCC: wirelen solved = 2755, spread = 2755, legal = 2755; time = 0.01s
Info:     at iteration #2, type MUX2_LUT6: wirelen solved = 2745, spread = 2745, legal = 2747; time = 0.01s
Info:     at iteration #2, type MUX2_LUT8: wirelen solved = 2727, spread = 2728, legal = 2759; time = 0.01s
Info:     at iteration #2, type MUX2_LUT7: wirelen solved = 2760, spread = 2760, legal = 2759; time = 0.00s
Info:     at iteration #2, type GND: wirelen solved = 2759, spread = 2759, legal = 2759; time = 0.00s
Info:     at iteration #2, type GSR: wirelen solved = 2759, spread = 2759, legal = 2759; time = 0.00s
Info:     at iteration #2, type ALL: wirelen solved = 719, spread = 3513, legal = 3565; time = 0.02s
Info:     at iteration #3, type SLICE: wirelen solved = 1185, spread = 3020, legal = 3124; time = 0.02s
Info:     at iteration #3, type MUX2_LUT5: wirelen solved = 3061, spread = 3093, legal = 3104; time = 0.01s
Info:     at iteration #3, type VCC: wirelen solved = 3104, spread = 3104, legal = 3104; time = 0.01s
Info:     at iteration #3, type MUX2_LUT6: wirelen solved = 3070, spread = 3070, legal = 3077; time = 0.01s
Info:     at iteration #3, type MUX2_LUT8: wirelen solved = 3033, spread = 3036, legal = 3068; time = 0.01s
Info:     at iteration #3, type MUX2_LUT7: wirelen solved = 3066, spread = 3066, legal = 3066; time = 0.01s
Info:     at iteration #3, type GND: wirelen solved = 3066, spread = 3066, legal = 3066; time = 0.01s
Info:     at iteration #3, type GSR: wirelen solved = 3066, spread = 3066, legal = 3066; time = 0.01s
Info:     at iteration #3, type ALL: wirelen solved = 838, spread = 2900, legal = 3000; time = 0.03s
Info:     at iteration #4, type SLICE: wirelen solved = 1052, spread = 2646, legal = 2752; time = 0.01s
Info:     at iteration #4, type MUX2_LUT5: wirelen solved = 2690, spread = 2699, legal = 2707; time = 0.00s
Info:     at iteration #4, type VCC: wirelen solved = 2707, spread = 2707, legal = 2707; time = 0.01s
Info:     at iteration #4, type MUX2_LUT6: wirelen solved = 2700, spread = 2704, legal = 2711; time = 0.01s
Info:     at iteration #4, type MUX2_LUT8: wirelen solved = 2686, spread = 2692, legal = 2714; time = 0.01s
Info:     at iteration #4, type MUX2_LUT7: wirelen solved = 2713, spread = 2713, legal = 2708; time = 0.01s
Info:     at iteration #4, type GND: wirelen solved = 2708, spread = 2708, legal = 2708; time = 0.01s
Info:     at iteration #4, type GSR: wirelen solved = 2708, spread = 2708, legal = 2708; time = 0.01s
Info:     at iteration #4, type ALL: wirelen solved = 895, spread = 2525, legal = 2640; time = 0.03s
Info:     at iteration #5, type SLICE: wirelen solved = 1099, spread = 2701, legal = 2804; time = 0.02s
Info:     at iteration #5, type MUX2_LUT5: wirelen solved = 2752, spread = 2761, legal = 2777; time = 0.01s
Info:     at iteration #5, type VCC: wirelen solved = 2777, spread = 2777, legal = 2777; time = 0.01s
Info:     at iteration #5, type MUX2_LUT6: wirelen solved = 2743, spread = 2743, legal = 2745; time = 0.01s
Info:     at iteration #5, type MUX2_LUT8: wirelen solved = 2738, spread = 2743, legal = 2746; time = 0.01s
Info:     at iteration #5, type MUX2_LUT7: wirelen solved = 2743, spread = 2743, legal = 2744; time = 0.01s
Info:     at iteration #5, type GND: wirelen solved = 2744, spread = 2744, legal = 2744; time = 0.01s
Info:     at iteration #5, type GSR: wirelen solved = 2744, spread = 2744, legal = 2744; time = 0.01s
Info:     at iteration #5, type ALL: wirelen solved = 905, spread = 2472, legal = 2557; time = 0.03s
Info:     at iteration #6, type SLICE: wirelen solved = 1168, spread = 2416, legal = 2498; time = 0.02s
Info:     at iteration #6, type MUX2_LUT5: wirelen solved = 2451, spread = 2465, legal = 2479; time = 0.01s
Info:     at iteration #6, type VCC: wirelen solved = 2479, spread = 2479, legal = 2479; time = 0.01s
Info:     at iteration #6, type MUX2_LUT6: wirelen solved = 2461, spread = 2461, legal = 2468; time = 0.01s
Info:     at iteration #6, type MUX2_LUT8: wirelen solved = 2452, spread = 2452, legal = 2471; time = 0.01s
Info:     at iteration #6, type MUX2_LUT7: wirelen solved = 2467, spread = 2467, legal = 2468; time = 0.01s
Info:     at iteration #6, type GND: wirelen solved = 2468, spread = 2468, legal = 2468; time = 0.01s
Info:     at iteration #6, type GSR: wirelen solved = 2468, spread = 2468, legal = 2468; time = 0.01s
Info:     at iteration #6, type ALL: wirelen solved = 998, spread = 2504, legal = 2621; time = 0.02s
Info:     at iteration #7, type SLICE: wirelen solved = 1184, spread = 2682, legal = 2812; time = 0.01s
Info:     at iteration #7, type MUX2_LUT5: wirelen solved = 2789, spread = 2806, legal = 2804; time = 0.00s
Info:     at iteration #7, type VCC: wirelen solved = 2804, spread = 2804, legal = 2804; time = 0.00s
Info:     at iteration #7, type MUX2_LUT6: wirelen solved = 2785, spread = 2798, legal = 2803; time = 0.00s
Info:     at iteration #7, type MUX2_LUT8: wirelen solved = 2773, spread = 2773, legal = 2782; time = 0.01s
Info:     at iteration #7, type MUX2_LUT7: wirelen solved = 2782, spread = 2782, legal = 2782; time = 0.01s
Info:     at iteration #7, type GND: wirelen solved = 2782, spread = 2782, legal = 2782; time = 0.01s
Info:     at iteration #7, type GSR: wirelen solved = 2782, spread = 2782, legal = 2782; time = 0.01s
Info:     at iteration #7, type ALL: wirelen solved = 1006, spread = 2481, legal = 2580; time = 0.03s
Info:     at iteration #8, type SLICE: wirelen solved = 1222, spread = 2527, legal = 2632; time = 0.02s
Info:     at iteration #8, type MUX2_LUT5: wirelen solved = 2607, spread = 2616, legal = 2621; time = 0.01s
Info:     at iteration #8, type VCC: wirelen solved = 2621, spread = 2621, legal = 2621; time = 0.00s
Info:     at iteration #8, type MUX2_LUT6: wirelen solved = 2620, spread = 2620, legal = 2622; time = 0.00s
Info:     at iteration #8, type MUX2_LUT8: wirelen solved = 2590, spread = 2590, legal = 2642; time = 0.01s
Info:     at iteration #8, type MUX2_LUT7: wirelen solved = 2641, spread = 2641, legal = 2645; time = 0.01s
Info:     at iteration #8, type GND: wirelen solved = 2645, spread = 2645, legal = 2645; time = 0.01s
Info:     at iteration #8, type GSR: wirelen solved = 2645, spread = 2645, legal = 2645; time = 0.01s
Info:     at iteration #8, type ALL: wirelen solved = 1108, spread = 2495, legal = 2561; time = 0.02s
Info:     at iteration #9, type SLICE: wirelen solved = 1213, spread = 2755, legal = 2849; time = 0.01s
Info:     at iteration #9, type MUX2_LUT5: wirelen solved = 2818, spread = 2821, legal = 2823; time = 0.00s
Info:     at iteration #9, type VCC: wirelen solved = 2823, spread = 2823, legal = 2823; time = 0.01s
Info:     at iteration #9, type MUX2_LUT6: wirelen solved = 2821, spread = 2821, legal = 2822; time = 0.01s
Info:     at iteration #9, type MUX2_LUT8: wirelen solved = 2791, spread = 2791, legal = 2836; time = 0.01s
Info:     at iteration #9, type MUX2_LUT7: wirelen solved = 2819, spread = 2819, legal = 2825; time = 0.00s
Info:     at iteration #9, type GND: wirelen solved = 2825, spread = 2825, legal = 2825; time = 0.01s
Info:     at iteration #9, type GSR: wirelen solved = 2825, spread = 2825, legal = 2825; time = 0.01s
Info:     at iteration #9, type ALL: wirelen solved = 1111, spread = 2830, legal = 2878; time = 0.03s
Info:     at iteration #10, type SLICE: wirelen solved = 1341, spread = 2506, legal = 2575; time = 0.01s
Info:     at iteration #10, type MUX2_LUT5: wirelen solved = 2532, spread = 2541, legal = 2542; time = 0.00s
Info:     at iteration #10, type VCC: wirelen solved = 2542, spread = 2542, legal = 2542; time = 0.00s
Info:     at iteration #10, type MUX2_LUT6: wirelen solved = 2540, spread = 2540, legal = 2540; time = 0.00s
Info:     at iteration #10, type MUX2_LUT8: wirelen solved = 2504, spread = 2518, legal = 2525; time = 0.00s
Info:     at iteration #10, type MUX2_LUT7: wirelen solved = 2523, spread = 2523, legal = 2527; time = 0.00s
Info:     at iteration #10, type GND: wirelen solved = 2527, spread = 2527, legal = 2527; time = 0.00s
Info:     at iteration #10, type GSR: wirelen solved = 2527, spread = 2527, legal = 2527; time = 0.00s
Info:     at iteration #10, type ALL: wirelen solved = 1179, spread = 2545, legal = 2732; time = 0.02s
Info: HeAP Placer Time: 0.99s
Info:   of which solving equations: 0.80s
Info:   of which spreading cells: 0.05s
Info:   of which strict legalisation: 0.05s

Info: Running simulated annealing placer for refinement.
Info:   at iteration #1: temp = 0.000000, timing cost = 76, wirelen = 2557
Info:   at iteration #5: temp = 0.000000, timing cost = 105, wirelen = 1792
Info:   at iteration #10: temp = 0.000000, timing cost = 104, wirelen = 1667
Info:   at iteration #15: temp = 0.000000, timing cost = 110, wirelen = 1591
Info:   at iteration #20: temp = 0.000000, timing cost = 103, wirelen = 1557
Info:   at iteration #25: temp = 0.000000, timing cost = 101, wirelen = 1503
Info:   at iteration #26: temp = 0.000000, timing cost = 99, wirelen = 1494 
Info: SA placement time 1.18s

Info: Max frequency for clock 'ADDER.clk': 75.99 MHz (PASS at 12.00 MHz)

Info: Max delay <async>           -> <async>          : 20.40 ns
Info: Max delay <async>           -> posedge ADDER.clk: 19.83 ns
Info: Max delay posedge ADDER.clk -> <async>          : 14.06 ns

Info: Slack histogram:
Info:  legend: * represents 6 endpoint(s)
Info:          + represents [1,6) endpoint(s)
Info: [ 62933,  63911) |+
Info: [ 63911,  64889) |*+
Info: [ 64889,  65867) |****+
Info: [ 65867,  66845) |**+
Info: [ 66845,  67823) |*******+
Info: [ 67823,  68801) |****+
Info: [ 68801,  69779) |*+
Info: [ 69779,  70757) |**+
Info: [ 70757,  71735) |+
Info: [ 71735,  72713) |**+
Info: [ 72713,  73691) |*+
Info: [ 73691,  74669) |*+
Info: [ 74669,  75647) |**+
Info: [ 75647,  76625) |*******+
Info: [ 76625,  77603) |*****+
Info: [ 77603,  78581) |********+
Info: [ 78581,  79559) |*********+
Info: [ 79559,  80537) |****************************+
Info: [ 80537,  81515) |*************************+
Info: [ 81515,  82493) |************************************************************ 
Info: Checksum: 0x6d627940
Info: Find global nets...
Info: Routing globals...
Info:   Route net ADDER.clk, use clock #0.
Info:   Net ADDER.clk is routed.

Info: Routing..
Info: Setting up routing queue.
Info: Routing 2353 arcs.
Info:            |   (re-)routed arcs  |   delta    | remaining|       time spent     |
Info:    IterCnt |  w/ripup   wo/ripup |  w/r  wo/r |      arcs| batch(sec) total(sec)|
Info:       1000 |      159        840 |  159   840 |      1539|       0.35       0.35|
Info:       2000 |      255       1744 |   96   904 |       662|       5.32       5.67|
Info:       2862 |      387       2475 |  132   731 |         0|       5.72      11.39|
Info: Routing complete.
Info: Router1 time 11.39s
Info: Checksum: 0xa0e0efb8

Info: Critical path report for clock 'ADDER.clk' (posedge -> posedge):
Info: curr total
Info:  0.5  0.5  Source FSM.num2_DFFRE_Q_4_D_LUT2_F_LC.Q
Info:  1.3  1.7    Net num2[7] budget 82.875336 ns (21,11) -> (23,13)
Info:                Sink MUX.anode_DFFR_Q_1_D_MUX2_LUT7_O_I1_MUX2_LUT6_O_I1_MUX2_LUT5_O_I0_LUT1_F_LC.A
Info:                Defined in:
Info:                  ../design/top.sv:47.11-52.2
Info:                  ../design/input_fsm.sv:7.24-7.28
Info:  1.0  2.8  Source MUX.anode_DFFR_Q_1_D_MUX2_LUT7_O_I1_MUX2_LUT6_O_I1_MUX2_LUT5_O_I0_LUT1_F_LC.F
Info:  0.3  3.1    Net MUX.anode_DFFR_Q_1_D_MUX2_LUT7_O_I1_MUX2_LUT6_O_I1_MUX2_LUT5_O_I0 budget 16.156467 ns (23,13) -> (23,13)
Info:                Sink MUX.anode_DFFR_Q_1_D_MUX2_LUT7_O_I1_MUX2_LUT6_O_I1_MUX2_LUT5_O_LC.I0
Info:                Defined in:
Info:                  C:\Users\gabri\DOWNLO~1\OSS-CA~1\bin\../share/yosys/gowin/cells_map.v:165.42-165.67
Info:                  C:\Users\gabri\DOWNLO~1\OSS-CA~1\bin\../share/yosys/gowin/cells_map.v:159.41-159.66
Info:                  C:\Users\gabri\DOWNLO~1\OSS-CA~1\bin\../share/yosys/gowin/cells_map.v:151.9-151.11
Info:  0.2  3.3  Source MUX.anode_DFFR_Q_1_D_MUX2_LUT7_O_I1_MUX2_LUT6_O_I1_MUX2_LUT5_O_LC.OF
Info:  0.3  3.6    Net MUX.anode_DFFR_Q_1_D_MUX2_LUT7_O_I1_MUX2_LUT6_O_I1 budget 16.156467 ns (23,13) -> (23,13)
Info:                Sink MUX.anode_DFFR_Q_1_D_MUX2_LUT7_O_I1_MUX2_LUT6_O_LC.I1
Info:                Defined in:
Info:                  C:\Users\gabri\DOWNLO~1\OSS-CA~1\bin\../share/yosys/gowin/cells_map.v:165.42-165.67
Info:                  C:\Users\gabri\DOWNLO~1\OSS-CA~1\bin\../share/yosys/gowin/cells_map.v:157.13-157.15
Info:  0.4  4.0  Source MUX.anode_DFFR_Q_1_D_MUX2_LUT7_O_I1_MUX2_LUT6_O_LC.OF
Info:  0.3  4.3    Net MUX.anode_DFFR_Q_1_D_MUX2_LUT7_O_I1 budget 16.156467 ns (23,13) -> (23,13)
Info:                Sink MUX.anode_DFFR_Q_1_D_MUX2_LUT7_O_LC.I1
Info:                Defined in:
Info:                  C:\Users\gabri\DOWNLO~1\OSS-CA~1\bin\../share/yosys/gowin/cells_map.v:163.13-163.15
Info:  0.5  4.8  Source MUX.anode_DFFR_Q_1_D_MUX2_LUT7_O_LC.OF
Info:  1.4  6.3    Net MUX.anode_DFFR_Q_1_D[0] budget 16.156467 ns (23,13) -> (26,14)
Info:                Sink MUX.anode_DFFR_Q_1_D_LUT4_I0_LC.A
Info:                Defined in:
Info:                  C:\Users\gabri\DOWNLO~1\OSS-CA~1\bin\../share/yosys/gowin/cells_map.v:130.20-130.21
Info:  1.0  7.3  Source MUX.anode_DFFR_Q_1_D_LUT4_I0_LC.F
Info:  0.3  7.6    Net MUX.anode_DFFR_Q_1_D_LUT4_I0_F budget 9.902542 ns (26,14) -> (26,14)
Info:                Sink MUX.anode_DFFR_Q_1_D_MUX2_LUT5_S0_LC.I0
Info:                Defined in:
Info:                  C:\Users\gabri\DOWNLO~1\OSS-CA~1\bin\../share/yosys/gowin/cells_map.v:159.41-159.66
Info:                  C:\Users\gabri\DOWNLO~1\OSS-CA~1\bin\../share/yosys/gowin/cells_map.v:151.9-151.11
Info:  0.2  7.8  Source MUX.anode_DFFR_Q_1_D_MUX2_LUT5_S0_LC.OF
Info:  0.3  8.1    Net MUX.anode_DFFR_Q_1_D_MUX2_LUT5_S0_O budget 9.902542 ns (26,14) -> (26,14)
Info:                Sink MUX.anode_DFFR_Q_1_D_LUT4_I1_F_MUX2_LUT6_O_LC.I1
Info:                Defined in:
Info:                  C:\Users\gabri\DOWNLO~1\OSS-CA~1\bin\../share/yosys/gowin/cells_map.v:157.13-157.15
Info:  0.4  8.5  Source MUX.anode_DFFR_Q_1_D_LUT4_I1_F_MUX2_LUT6_O_LC.OF
Info:  1.8 10.3    Net MUX.anode_DFFR_Q_1_D_LUT4_I1_F[3] budget 9.902542 ns (26,14) -> (26,14)
Info:                Sink SEG.seg_DFF_Q_D_MUX2_LUT5_O_2_I0_LUT1_F_LC.A
Info:                Defined in:
Info:                  C:\Users\gabri\DOWNLO~1\OSS-CA~1\bin\../share/yosys/gowin/cells_map.v:130.20-130.21
Info:  1.0 11.3  Source SEG.seg_DFF_Q_D_MUX2_LUT5_O_2_I0_LUT1_F_LC.F
Info:  0.3 11.7    Net SEG.seg_DFF_Q_D_MUX2_LUT5_O_2_I0 budget 7.801234 ns (26,14) -> (26,14)
Info:                Sink SEG.seg_DFF_Q_D_MUX2_LUT5_O_2_LC.I0
Info:                Defined in:
Info:                  C:\Users\gabri\DOWNLO~1\OSS-CA~1\bin\../share/yosys/gowin/cells_map.v:151.9-151.11
Info:  0.2 11.8  Source SEG.seg_DFF_Q_D_MUX2_LUT5_O_2_LC.OF
Info:  0.8 12.7    Net SEG.seg_DFF_Q_D[4] budget 7.801234 ns (26,14) -> (27,14)
Info:                Sink SEG.seg_DFF_Q_2_DFFLC.A
Info:  0.0 12.7  Setup SEG.seg_DFF_Q_2_DFFLC.A
Info: 5.3 ns logic, 7.3 ns routing

Info: Critical path report for cross-domain path '<async>' -> '<async>':
Info: curr total
Info:  0.0  0.0  Source ADDER.rst_IBUF_O$iob.O
Info: 12.5 12.5    Net rst_n budget 83.333336 ns (1,0) -> (34,15)
Info:                Sink SCANNER.col_scan_DFFRE_Q_1_RESET_LUT1_F_LC.A
Info:                Defined in:
Info:                  ../design/top.sv:10.6-10.11
Info:  0.0 12.5  Setup SCANNER.col_scan_DFFRE_Q_1_RESET_LUT1_F_LC.A
Info: 0.0 ns logic, 12.5 ns routing

Info: Critical path report for cross-domain path '<async>' -> 'posedge ADDER.clk':
Info: curr total
Info:  0.0  0.0  Source ADDER.rst_IBUF_O$iob.O
Info: 10.4 10.4    Net rst_n budget 83.333336 ns (1,0) -> (26,15)
Info:                Sink SEG.seg_DFF_Q_D_MUX2_LUT5_O_1_I1_LUT4_F_LC.C
Info:                Defined in:
Info:                  ../design/top.sv:10.6-10.11
Info:  0.8 11.2  Source SEG.seg_DFF_Q_D_MUX2_LUT5_O_1_I1_LUT4_F_LC.F
Info:  0.3 11.5    Net SEG.seg_DFF_Q_D_MUX2_LUT5_O_1_I1 budget 7.801234 ns (26,15) -> (26,15)
Info:                Sink SEG.seg_DFF_Q_D_MUX2_LUT5_O_1_LC.I1
Info:                Defined in:
Info:                  C:\Users\gabri\DOWNLO~1\OSS-CA~1\bin\../share/yosys/gowin/cells_map.v:151.13-151.15
Info:  0.2 11.7  Source SEG.seg_DFF_Q_D_MUX2_LUT5_O_1_LC.OF
Info:  1.8 13.6    Net SEG.seg_DFF_Q_D[5] budget 7.801234 ns (26,15) -> (26,15)
Info:                Sink SEG.seg_DFF_Q_1_DFFLC.A
Info:  0.0 13.6  Setup SEG.seg_DFF_Q_1_DFFLC.A
Info: 1.0 ns logic, 12.6 ns routing

Info: Critical path report for cross-domain path 'posedge ADDER.clk' -> '<async>':
Info: curr total
Info:  0.5  0.5  Source FSM.num2_DFFRE_Q_4_D_LUT2_F_LC.Q
Info:  1.3  1.7    Net num2[7] budget 82.875336 ns (21,11) -> (23,13)
Info:                Sink MUX.anode_DFFR_Q_1_D_MUX2_LUT7_O_I1_MUX2_LUT6_O_I1_MUX2_LUT5_O_I0_LUT1_F_LC.A
Info:                Defined in:
Info:                  ../design/top.sv:47.11-52.2
Info:                  ../design/input_fsm.sv:7.24-7.28
Info:  1.0  2.8  Source MUX.anode_DFFR_Q_1_D_MUX2_LUT7_O_I1_MUX2_LUT6_O_I1_MUX2_LUT5_O_I0_LUT1_F_LC.F
Info:  0.3  3.1    Net MUX.anode_DFFR_Q_1_D_MUX2_LUT7_O_I1_MUX2_LUT6_O_I1_MUX2_LUT5_O_I0 budget 16.156467 ns (23,13) -> (23,13)
Info:                Sink MUX.anode_DFFR_Q_1_D_MUX2_LUT7_O_I1_MUX2_LUT6_O_I1_MUX2_LUT5_O_LC.I0
Info:                Defined in:
Info:                  C:\Users\gabri\DOWNLO~1\OSS-CA~1\bin\../share/yosys/gowin/cells_map.v:165.42-165.67
Info:                  C:\Users\gabri\DOWNLO~1\OSS-CA~1\bin\../share/yosys/gowin/cells_map.v:159.41-159.66
Info:                  C:\Users\gabri\DOWNLO~1\OSS-CA~1\bin\../share/yosys/gowin/cells_map.v:151.9-151.11
Info:  0.2  3.3  Source MUX.anode_DFFR_Q_1_D_MUX2_LUT7_O_I1_MUX2_LUT6_O_I1_MUX2_LUT5_O_LC.OF
Info:  0.3  3.6    Net MUX.anode_DFFR_Q_1_D_MUX2_LUT7_O_I1_MUX2_LUT6_O_I1 budget 16.156467 ns (23,13) -> (23,13)
Info:                Sink MUX.anode_DFFR_Q_1_D_MUX2_LUT7_O_I1_MUX2_LUT6_O_LC.I1
Info:                Defined in:
Info:                  C:\Users\gabri\DOWNLO~1\OSS-CA~1\bin\../share/yosys/gowin/cells_map.v:165.42-165.67
Info:                  C:\Users\gabri\DOWNLO~1\OSS-CA~1\bin\../share/yosys/gowin/cells_map.v:157.13-157.15
Info:  0.4  4.0  Source MUX.anode_DFFR_Q_1_D_MUX2_LUT7_O_I1_MUX2_LUT6_O_LC.OF
Info:  0.3  4.3    Net MUX.anode_DFFR_Q_1_D_MUX2_LUT7_O_I1 budget 16.156467 ns (23,13) -> (23,13)
Info:                Sink MUX.anode_DFFR_Q_1_D_MUX2_LUT7_O_LC.I1
Info:                Defined in:
Info:                  C:\Users\gabri\DOWNLO~1\OSS-CA~1\bin\../share/yosys/gowin/cells_map.v:163.13-163.15
Info:  0.5  4.8  Source MUX.anode_DFFR_Q_1_D_MUX2_LUT7_O_LC.OF
Info:  1.4  6.3    Net MUX.anode_DFFR_Q_1_D[0] budget 16.156467 ns (23,13) -> (26,14)
Info:                Sink MUX.anode_DFFR_Q_1_D_LUT4_I0_LC.A
Info:                Defined in:
Info:                  C:\Users\gabri\DOWNLO~1\OSS-CA~1\bin\../share/yosys/gowin/cells_map.v:130.20-130.21
Info:  1.0  7.3  Source MUX.anode_DFFR_Q_1_D_LUT4_I0_LC.F
Info:  0.3  7.6    Net MUX.anode_DFFR_Q_1_D_LUT4_I0_F budget 9.902542 ns (26,14) -> (26,14)
Info:                Sink MUX.anode_DFFR_Q_1_D_MUX2_LUT5_S0_LC.I0
Info:                Defined in:
Info:                  C:\Users\gabri\DOWNLO~1\OSS-CA~1\bin\../share/yosys/gowin/cells_map.v:159.41-159.66
Info:                  C:\Users\gabri\DOWNLO~1\OSS-CA~1\bin\../share/yosys/gowin/cells_map.v:151.9-151.11
Info:  0.2  7.8  Source MUX.anode_DFFR_Q_1_D_MUX2_LUT5_S0_LC.OF
Info:  0.3  8.1    Net MUX.anode_DFFR_Q_1_D_MUX2_LUT5_S0_O budget 9.902542 ns (26,14) -> (26,14)
Info:                Sink MUX.anode_DFFR_Q_1_D_LUT4_I1_F_MUX2_LUT6_O_LC.I1
Info:                Defined in:
Info:                  C:\Users\gabri\DOWNLO~1\OSS-CA~1\bin\../share/yosys/gowin/cells_map.v:157.13-157.15
Info:  0.4  8.5  Source MUX.anode_DFFR_Q_1_D_LUT4_I1_F_MUX2_LUT6_O_LC.OF
Info:  1.8 10.3    Net MUX.anode_DFFR_Q_1_D_LUT4_I1_F[3] budget 9.902542 ns (26,14) -> (26,14)
Info:                Sink SEG.seg_DFF_Q_D_MUX2_LUT5_O_2_I0_LUT1_F_LC.A
Info:                Defined in:
Info:                  C:\Users\gabri\DOWNLO~1\OSS-CA~1\bin\../share/yosys/gowin/cells_map.v:130.20-130.21
Info:  0.0 10.3  Setup SEG.seg_DFF_Q_D_MUX2_LUT5_O_2_I0_LUT1_F_LC.A
Info: 4.1 ns logic, 6.2 ns routing

Info: Max frequency for clock 'ADDER.clk': 79.04 MHz (PASS at 12.00 MHz)

Info: Max delay <async>           -> <async>          : 12.47 ns
Info: Max delay <async>           -> posedge ADDER.clk: 13.56 ns
Info: Max delay posedge ADDER.clk -> <async>          : 10.31 ns

Info: Slack histogram:
Info:  legend: * represents 7 endpoint(s)
Info:          + represents [1,7) endpoint(s)
Info: [ 69774,  70413) |+
Info: [ 70413,  71052) |+
Info: [ 71052,  71691) |+
Info: [ 71691,  72330) |**+
Info: [ 72330,  72969) |**+
Info: [ 72969,  73608) |****+
Info: [ 73608,  74247) |********+
Info: [ 74247,  74886) |***+
Info: [ 74886,  75525) |*+
Info: [ 75525,  76164) |*+
Info: [ 76164,  76803) |*+
Info: [ 76803,  77442) |****+
Info: [ 77442,  78081) |***+
Info: [ 78081,  78720) |***+
Info: [ 78720,  79359) |*****+
Info: [ 79359,  79998) |*****+
Info: [ 79998,  80637) |****************+
Info: [ 80637,  81276) |******************+
Info: [ 81276,  81915) |******************+
Info: [ 81915,  82554) |************************************************************ 

Info: Program finished normally.
