
 /----------------------------------------------------------------------------\
 |                                                                            |
 |  yosys -- Yosys Open SYnthesis Suite                                       |
 |                                                                            |
 |  Copyright (C) 2012 - 2020  Claire Xenia Wolf <claire@yosyshq.com>         |
 |                                                                            |
 |  Permission to use, copy, modify, and/or distribute this software for any  |
 |  purpose with or without fee is hereby granted, provided that the above    |
 |  copyright notice and this permission notice appear in all copies.         |
 |                                                                            |
 |  THE SOFTWARE IS PROVIDED "AS IS" AND THE AUTHOR DISCLAIMS ALL WARRANTIES  |
 |  WITH REGARD TO THIS SOFTWARE INCLUDING ALL IMPLIED WARRANTIES OF          |
 |  MERCHANTABILITY AND FITNESS. IN NO EVENT SHALL THE AUTHOR BE LIABLE FOR   |
 |  ANY SPECIAL, DIRECT, INDIRECT, OR CONSEQUENTIAL DAMAGES OR ANY DAMAGES    |
 |  WHATSOEVER RESULTING FROM LOSS OF USE, DATA OR PROFITS, WHETHER IN AN     |
 |  ACTION OF CONTRACT, NEGLIGENCE OR OTHER TORTIOUS ACTION, ARISING OUT OF   |
 |  OR IN CONNECTION WITH THE USE OR PERFORMANCE OF THIS SOFTWARE.            |
 |                                                                            |
 \----------------------------------------------------------------------------/

 Yosys 0.26+1 (git sha1 b1a011138, x86_64-w64-mingw32-g++ 9.2.1 -Os)


-- Running command `read_verilog -sv ../design/adder.sv ../design/bcd_to_7seg.sv ../design/col_scanner.sv ../design/debounce.sv ../design/DIAGNOSTICO_7SEG.sv ../design/display_mux.sv ../design/input_fsm.sv ../design/keypad_decoder.sv ../design/SOLUCIONES_DISPLAY.sv ../design/synchronizer.sv ../design/top.sv ; synth_gowin -top top -json Seven_seg.json' --

1. Executing Verilog-2005 frontend: ../design/adder.sv
Parsing SystemVerilog input from `../design/adder.sv' to AST representation.
Generating RTLIL representation for module `\adder'.
Successfully finished Verilog frontend.

2. Executing Verilog-2005 frontend: ../design/bcd_to_7seg.sv
Parsing SystemVerilog input from `../design/bcd_to_7seg.sv' to AST representation.
Generating RTLIL representation for module `\bcd_to_7seg'.
Successfully finished Verilog frontend.

3. Executing Verilog-2005 frontend: ../design/col_scanner.sv
Parsing SystemVerilog input from `../design/col_scanner.sv' to AST representation.
Generating RTLIL representation for module `\col_scanner'.
Successfully finished Verilog frontend.

4. Executing Verilog-2005 frontend: ../design/debounce.sv
Parsing SystemVerilog input from `../design/debounce.sv' to AST representation.
Generating RTLIL representation for module `\debounce'.
Successfully finished Verilog frontend.

5. Executing Verilog-2005 frontend: ../design/DIAGNOSTICO_7SEG.sv
Parsing SystemVerilog input from `../design/DIAGNOSTICO_7SEG.sv' to AST representation.
Generating RTLIL representation for module `\bcd_to_7seg_inverted'.
Successfully finished Verilog frontend.

6. Executing Verilog-2005 frontend: ../design/display_mux.sv
Parsing SystemVerilog input from `../design/display_mux.sv' to AST representation.
Generating RTLIL representation for module `\display_mux'.
Successfully finished Verilog frontend.

7. Executing Verilog-2005 frontend: ../design/input_fsm.sv
Parsing SystemVerilog input from `../design/input_fsm.sv' to AST representation.
Generating RTLIL representation for module `\input_fsm'.
Successfully finished Verilog frontend.

8. Executing Verilog-2005 frontend: ../design/keypad_decoder.sv
Parsing SystemVerilog input from `../design/keypad_decoder.sv' to AST representation.
Generating RTLIL representation for module `\keypad_decoder'.
Successfully finished Verilog frontend.

9. Executing Verilog-2005 frontend: ../design/SOLUCIONES_DISPLAY.sv
Parsing SystemVerilog input from `../design/SOLUCIONES_DISPLAY.sv' to AST representation.
Generating RTLIL representation for module `\bcd_to_7seg_original'.
Generating RTLIL representation for module `\display_mux_option_c'.
Successfully finished Verilog frontend.

10. Executing Verilog-2005 frontend: ../design/synchronizer.sv
Parsing SystemVerilog input from `../design/synchronizer.sv' to AST representation.
Generating RTLIL representation for module `\synchronizer'.
Successfully finished Verilog frontend.

11. Executing Verilog-2005 frontend: ../design/top.sv
Parsing SystemVerilog input from `../design/top.sv' to AST representation.
Generating RTLIL representation for module `\top'.
Successfully finished Verilog frontend.

12. Executing SYNTH_GOWIN pass.

12.1. Executing Verilog-2005 frontend: C:\Users\gabri\DOWNLO~1\OSS-CA~1\bin\../share/yosys/gowin/cells_sim.v
Parsing Verilog input from `C:\Users\gabri\DOWNLO~1\OSS-CA~1\bin\../share/yosys/gowin/cells_sim.v' to AST representation.
Generating RTLIL representation for module `\LUT1'.
Generating RTLIL representation for module `\LUT2'.
Generating RTLIL representation for module `\LUT3'.
Generating RTLIL representation for module `\LUT4'.
Generating RTLIL representation for module `\__APICULA_LUT5'.
Generating RTLIL representation for module `\__APICULA_LUT6'.
Generating RTLIL representation for module `\__APICULA_LUT7'.
Generating RTLIL representation for module `\__APICULA_LUT8'.
Generating RTLIL representation for module `\MUX2'.
Generating RTLIL representation for module `\MUX2_LUT5'.
Generating RTLIL representation for module `\MUX2_LUT6'.
Generating RTLIL representation for module `\MUX2_LUT7'.
Generating RTLIL representation for module `\MUX2_LUT8'.
Generating RTLIL representation for module `\DFF'.
Generating RTLIL representation for module `\DFFE'.
Generating RTLIL representation for module `\DFFS'.
Generating RTLIL representation for module `\DFFSE'.
Generating RTLIL representation for module `\DFFR'.
Generating RTLIL representation for module `\DFFRE'.
Generating RTLIL representation for module `\DFFP'.
Generating RTLIL representation for module `\DFFPE'.
Generating RTLIL representation for module `\DFFC'.
Generating RTLIL representation for module `\DFFCE'.
Generating RTLIL representation for module `\DFFN'.
Generating RTLIL representation for module `\DFFNE'.
Generating RTLIL representation for module `\DFFNS'.
Generating RTLIL representation for module `\DFFNSE'.
Generating RTLIL representation for module `\DFFNR'.
Generating RTLIL representation for module `\DFFNRE'.
Generating RTLIL representation for module `\DFFNP'.
Generating RTLIL representation for module `\DFFNPE'.
Generating RTLIL representation for module `\DFFNC'.
Generating RTLIL representation for module `\DFFNCE'.
Generating RTLIL representation for module `\VCC'.
Generating RTLIL representation for module `\GND'.
Generating RTLIL representation for module `\IBUF'.
Generating RTLIL representation for module `\OBUF'.
Generating RTLIL representation for module `\TBUF'.
Generating RTLIL representation for module `\IOBUF'.
Generating RTLIL representation for module `\TLVDS_OBUF'.
Generating RTLIL representation for module `\ODDR'.
Generating RTLIL representation for module `\ODDRC'.
Generating RTLIL representation for module `\GSR'.
Generating RTLIL representation for module `\ALU'.
Generating RTLIL representation for module `\RAM16S1'.
Generating RTLIL representation for module `\RAM16S2'.
Generating RTLIL representation for module `\RAM16S4'.
Generating RTLIL representation for module `\RAM16SDP1'.
Generating RTLIL representation for module `\RAM16SDP2'.
Generating RTLIL representation for module `\RAM16SDP4'.
Generating RTLIL representation for module `\SP'.
Generating RTLIL representation for module `\SPX9'.
Generating RTLIL representation for module `\SDP'.
Generating RTLIL representation for module `\SDPX9'.
Generating RTLIL representation for module `\DP'.
Generating RTLIL representation for module `\DPX9'.
Generating RTLIL representation for module `\rPLL'.
Generating RTLIL representation for module `\PLLVR'.
Generating RTLIL representation for module `\OSC'.
Generating RTLIL representation for module `\OSCZ'.
Generating RTLIL representation for module `\OSCF'.
Generating RTLIL representation for module `\OSCH'.
Successfully finished Verilog frontend.

12.2. Executing HIERARCHY pass (managing design hierarchy).

12.2.1. Analyzing design hierarchy..
Top module:  \top
Used module:     \debounce
Used module:     \synchronizer
Used module:     \bcd_to_7seg
Used module:     \display_mux
Used module:     \adder
Used module:     \input_fsm
Used module:     \keypad_decoder
Used module:     \col_scanner

12.2.2. Analyzing design hierarchy..
Top module:  \top
Used module:     \debounce
Used module:     \synchronizer
Used module:     \bcd_to_7seg
Used module:     \display_mux
Used module:     \adder
Used module:     \input_fsm
Used module:     \keypad_decoder
Used module:     \col_scanner
Removing unused module `\display_mux_option_c'.
Removing unused module `\bcd_to_7seg_original'.
Removing unused module `\bcd_to_7seg_inverted'.
Removed 3 unused modules.

12.3. Executing PROC pass (convert processes to netlists).

12.3.1. Executing PROC_CLEAN pass (remove empty switches from decision trees).
Found and cleaned up 1 empty switch in `\ALU.$proc$C:\Users\gabri\DOWNLO~1\OSS-CA~1\bin\../share/yosys/gowin/cells_sim.v:661$279'.
Cleaned up 1 empty switch.

12.3.2. Executing PROC_RMDEAD pass (remove dead branches from decision trees).
Marked 1 switch rules as full_case in process $proc$C:\Users\gabri\DOWNLO~1\OSS-CA~1\bin\../share/yosys/gowin/cells_sim.v:535$275 in module DFFNCE.
Marked 1 switch rules as full_case in process $proc$C:\Users\gabri\DOWNLO~1\OSS-CA~1\bin\../share/yosys/gowin/cells_sim.v:515$273 in module DFFNC.
Marked 1 switch rules as full_case in process $proc$C:\Users\gabri\DOWNLO~1\OSS-CA~1\bin\../share/yosys/gowin/cells_sim.v:496$271 in module DFFNPE.
Marked 1 switch rules as full_case in process $proc$C:\Users\gabri\DOWNLO~1\OSS-CA~1\bin\../share/yosys/gowin/cells_sim.v:476$269 in module DFFNP.
Marked 1 switch rules as full_case in process $proc$C:\Users\gabri\DOWNLO~1\OSS-CA~1\bin\../share/yosys/gowin/cells_sim.v:457$267 in module DFFNRE.
Marked 1 switch rules as full_case in process $proc$C:\Users\gabri\DOWNLO~1\OSS-CA~1\bin\../share/yosys/gowin/cells_sim.v:437$265 in module DFFNR.
Marked 1 switch rules as full_case in process $proc$C:\Users\gabri\DOWNLO~1\OSS-CA~1\bin\../share/yosys/gowin/cells_sim.v:418$263 in module DFFNSE.
Marked 1 switch rules as full_case in process $proc$C:\Users\gabri\DOWNLO~1\OSS-CA~1\bin\../share/yosys/gowin/cells_sim.v:398$261 in module DFFNS.
Marked 1 switch rules as full_case in process $proc$C:\Users\gabri\DOWNLO~1\OSS-CA~1\bin\../share/yosys/gowin/cells_sim.v:348$255 in module DFFCE.
Marked 1 switch rules as full_case in process $proc$C:\Users\gabri\DOWNLO~1\OSS-CA~1\bin\../share/yosys/gowin/cells_sim.v:328$253 in module DFFC.
Marked 1 switch rules as full_case in process $proc$C:\Users\gabri\DOWNLO~1\OSS-CA~1\bin\../share/yosys/gowin/cells_sim.v:309$251 in module DFFPE.
Marked 1 switch rules as full_case in process $proc$C:\Users\gabri\DOWNLO~1\OSS-CA~1\bin\../share/yosys/gowin/cells_sim.v:289$249 in module DFFP.
Marked 1 switch rules as full_case in process $proc$C:\Users\gabri\DOWNLO~1\OSS-CA~1\bin\../share/yosys/gowin/cells_sim.v:270$247 in module DFFRE.
Marked 1 switch rules as full_case in process $proc$C:\Users\gabri\DOWNLO~1\OSS-CA~1\bin\../share/yosys/gowin/cells_sim.v:250$245 in module DFFR.
Marked 1 switch rules as full_case in process $proc$C:\Users\gabri\DOWNLO~1\OSS-CA~1\bin\../share/yosys/gowin/cells_sim.v:231$243 in module DFFSE.
Marked 1 switch rules as full_case in process $proc$C:\Users\gabri\DOWNLO~1\OSS-CA~1\bin\../share/yosys/gowin/cells_sim.v:211$241 in module DFFS.
Marked 1 switch rules as full_case in process $proc$../design/synchronizer.sv:10$49 in module synchronizer.
Marked 1 switch rules as full_case in process $proc$../design/keypad_decoder.sv:0$42 in module keypad_decoder.
Marked 2 switch rules as full_case in process $proc$../design/input_fsm.sv:65$35 in module input_fsm.
Removed 1 dead cases from process $proc$../design/input_fsm.sv:0$26 in module input_fsm.
Marked 9 switch rules as full_case in process $proc$../design/input_fsm.sv:0$26 in module input_fsm.
Marked 1 switch rules as full_case in process $proc$../design/input_fsm.sv:26$25 in module input_fsm.
Marked 1 switch rules as full_case in process $proc$../design/display_mux.sv:16$20 in module display_mux.
Marked 2 switch rules as full_case in process $proc$../design/debounce.sv:16$15 in module debounce.
Marked 1 switch rules as full_case in process $proc$../design/col_scanner.sv:10$12 in module col_scanner.
Marked 1 switch rules as full_case in process $proc$../design/bcd_to_7seg.sv:0$11 in module bcd_to_7seg.
Marked 1 switch rules as full_case in process $proc$../design/adder.sv:22$9 in module adder.
Removed a total of 1 dead cases.

12.3.3. Executing PROC_PRUNE pass (remove redundant assignments in processes).
Removed 16 redundant assignments.
Promoted 32 assignments to connections.

12.3.4. Executing PROC_INIT pass (extract init attributes).
Found init rule in `\DFFNCE.$proc$C:\Users\gabri\DOWNLO~1\OSS-CA~1\bin\../share/yosys/gowin/cells_sim.v:0$276'.
  Set init value: \Q = 1'0
Found init rule in `\DFFNC.$proc$C:\Users\gabri\DOWNLO~1\OSS-CA~1\bin\../share/yosys/gowin/cells_sim.v:0$274'.
  Set init value: \Q = 1'0
Found init rule in `\DFFNPE.$proc$C:\Users\gabri\DOWNLO~1\OSS-CA~1\bin\../share/yosys/gowin/cells_sim.v:0$272'.
  Set init value: \Q = 1'1
Found init rule in `\DFFNP.$proc$C:\Users\gabri\DOWNLO~1\OSS-CA~1\bin\../share/yosys/gowin/cells_sim.v:0$270'.
  Set init value: \Q = 1'1
Found init rule in `\DFFNRE.$proc$C:\Users\gabri\DOWNLO~1\OSS-CA~1\bin\../share/yosys/gowin/cells_sim.v:0$268'.
  Set init value: \Q = 1'0
Found init rule in `\DFFNR.$proc$C:\Users\gabri\DOWNLO~1\OSS-CA~1\bin\../share/yosys/gowin/cells_sim.v:0$266'.
  Set init value: \Q = 1'0
Found init rule in `\DFFNSE.$proc$C:\Users\gabri\DOWNLO~1\OSS-CA~1\bin\../share/yosys/gowin/cells_sim.v:0$264'.
  Set init value: \Q = 1'1
Found init rule in `\DFFNS.$proc$C:\Users\gabri\DOWNLO~1\OSS-CA~1\bin\../share/yosys/gowin/cells_sim.v:0$262'.
  Set init value: \Q = 1'1
Found init rule in `\DFFNE.$proc$C:\Users\gabri\DOWNLO~1\OSS-CA~1\bin\../share/yosys/gowin/cells_sim.v:0$260'.
  Set init value: \Q = 1'0
Found init rule in `\DFFN.$proc$C:\Users\gabri\DOWNLO~1\OSS-CA~1\bin\../share/yosys/gowin/cells_sim.v:0$258'.
  Set init value: \Q = 1'0
Found init rule in `\DFFCE.$proc$C:\Users\gabri\DOWNLO~1\OSS-CA~1\bin\../share/yosys/gowin/cells_sim.v:0$256'.
  Set init value: \Q = 1'0
Found init rule in `\DFFC.$proc$C:\Users\gabri\DOWNLO~1\OSS-CA~1\bin\../share/yosys/gowin/cells_sim.v:0$254'.
  Set init value: \Q = 1'0
Found init rule in `\DFFPE.$proc$C:\Users\gabri\DOWNLO~1\OSS-CA~1\bin\../share/yosys/gowin/cells_sim.v:0$252'.
  Set init value: \Q = 1'1
Found init rule in `\DFFP.$proc$C:\Users\gabri\DOWNLO~1\OSS-CA~1\bin\../share/yosys/gowin/cells_sim.v:0$250'.
  Set init value: \Q = 1'1
Found init rule in `\DFFRE.$proc$C:\Users\gabri\DOWNLO~1\OSS-CA~1\bin\../share/yosys/gowin/cells_sim.v:0$248'.
  Set init value: \Q = 1'0
Found init rule in `\DFFR.$proc$C:\Users\gabri\DOWNLO~1\OSS-CA~1\bin\../share/yosys/gowin/cells_sim.v:0$246'.
  Set init value: \Q = 1'0
Found init rule in `\DFFSE.$proc$C:\Users\gabri\DOWNLO~1\OSS-CA~1\bin\../share/yosys/gowin/cells_sim.v:0$244'.
  Set init value: \Q = 1'1
Found init rule in `\DFFS.$proc$C:\Users\gabri\DOWNLO~1\OSS-CA~1\bin\../share/yosys/gowin/cells_sim.v:0$242'.
  Set init value: \Q = 1'1
Found init rule in `\DFFE.$proc$C:\Users\gabri\DOWNLO~1\OSS-CA~1\bin\../share/yosys/gowin/cells_sim.v:0$240'.
  Set init value: \Q = 1'0
Found init rule in `\DFF.$proc$C:\Users\gabri\DOWNLO~1\OSS-CA~1\bin\../share/yosys/gowin/cells_sim.v:0$238'.
  Set init value: \Q = 1'0

12.3.5. Executing PROC_ARST pass (detect async resets in processes).
Found async reset \CLEAR in `\DFFNCE.$proc$C:\Users\gabri\DOWNLO~1\OSS-CA~1\bin\../share/yosys/gowin/cells_sim.v:535$275'.
Found async reset \CLEAR in `\DFFNC.$proc$C:\Users\gabri\DOWNLO~1\OSS-CA~1\bin\../share/yosys/gowin/cells_sim.v:515$273'.
Found async reset \PRESET in `\DFFNPE.$proc$C:\Users\gabri\DOWNLO~1\OSS-CA~1\bin\../share/yosys/gowin/cells_sim.v:496$271'.
Found async reset \PRESET in `\DFFNP.$proc$C:\Users\gabri\DOWNLO~1\OSS-CA~1\bin\../share/yosys/gowin/cells_sim.v:476$269'.
Found async reset \CLEAR in `\DFFCE.$proc$C:\Users\gabri\DOWNLO~1\OSS-CA~1\bin\../share/yosys/gowin/cells_sim.v:348$255'.
Found async reset \CLEAR in `\DFFC.$proc$C:\Users\gabri\DOWNLO~1\OSS-CA~1\bin\../share/yosys/gowin/cells_sim.v:328$253'.
Found async reset \PRESET in `\DFFPE.$proc$C:\Users\gabri\DOWNLO~1\OSS-CA~1\bin\../share/yosys/gowin/cells_sim.v:309$251'.
Found async reset \PRESET in `\DFFP.$proc$C:\Users\gabri\DOWNLO~1\OSS-CA~1\bin\../share/yosys/gowin/cells_sim.v:289$249'.

12.3.6. Executing PROC_ROM pass (convert switches to ROMs).
Converted 1 switch.
<suppressed ~44 debug messages>

12.3.7. Executing PROC_MUX pass (convert decision trees to multiplexers).
Creating decoders for process `\ALU.$proc$C:\Users\gabri\DOWNLO~1\OSS-CA~1\bin\../share/yosys/gowin/cells_sim.v:661$279'.
Creating decoders for process `\DFFNCE.$proc$C:\Users\gabri\DOWNLO~1\OSS-CA~1\bin\../share/yosys/gowin/cells_sim.v:0$276'.
Creating decoders for process `\DFFNCE.$proc$C:\Users\gabri\DOWNLO~1\OSS-CA~1\bin\../share/yosys/gowin/cells_sim.v:535$275'.
     1/1: $0\Q[0:0]
Creating decoders for process `\DFFNC.$proc$C:\Users\gabri\DOWNLO~1\OSS-CA~1\bin\../share/yosys/gowin/cells_sim.v:0$274'.
Creating decoders for process `\DFFNC.$proc$C:\Users\gabri\DOWNLO~1\OSS-CA~1\bin\../share/yosys/gowin/cells_sim.v:515$273'.
     1/1: $0\Q[0:0]
Creating decoders for process `\DFFNPE.$proc$C:\Users\gabri\DOWNLO~1\OSS-CA~1\bin\../share/yosys/gowin/cells_sim.v:0$272'.
Creating decoders for process `\DFFNPE.$proc$C:\Users\gabri\DOWNLO~1\OSS-CA~1\bin\../share/yosys/gowin/cells_sim.v:496$271'.
     1/1: $0\Q[0:0]
Creating decoders for process `\DFFNP.$proc$C:\Users\gabri\DOWNLO~1\OSS-CA~1\bin\../share/yosys/gowin/cells_sim.v:0$270'.
Creating decoders for process `\DFFNP.$proc$C:\Users\gabri\DOWNLO~1\OSS-CA~1\bin\../share/yosys/gowin/cells_sim.v:476$269'.
     1/1: $0\Q[0:0]
Creating decoders for process `\DFFNRE.$proc$C:\Users\gabri\DOWNLO~1\OSS-CA~1\bin\../share/yosys/gowin/cells_sim.v:0$268'.
Creating decoders for process `\DFFNRE.$proc$C:\Users\gabri\DOWNLO~1\OSS-CA~1\bin\../share/yosys/gowin/cells_sim.v:457$267'.
     1/1: $0\Q[0:0]
Creating decoders for process `\DFFNR.$proc$C:\Users\gabri\DOWNLO~1\OSS-CA~1\bin\../share/yosys/gowin/cells_sim.v:0$266'.
Creating decoders for process `\DFFNR.$proc$C:\Users\gabri\DOWNLO~1\OSS-CA~1\bin\../share/yosys/gowin/cells_sim.v:437$265'.
     1/1: $0\Q[0:0]
Creating decoders for process `\DFFNSE.$proc$C:\Users\gabri\DOWNLO~1\OSS-CA~1\bin\../share/yosys/gowin/cells_sim.v:0$264'.
Creating decoders for process `\DFFNSE.$proc$C:\Users\gabri\DOWNLO~1\OSS-CA~1\bin\../share/yosys/gowin/cells_sim.v:418$263'.
     1/1: $0\Q[0:0]
Creating decoders for process `\DFFNS.$proc$C:\Users\gabri\DOWNLO~1\OSS-CA~1\bin\../share/yosys/gowin/cells_sim.v:0$262'.
Creating decoders for process `\DFFNS.$proc$C:\Users\gabri\DOWNLO~1\OSS-CA~1\bin\../share/yosys/gowin/cells_sim.v:398$261'.
     1/1: $0\Q[0:0]
Creating decoders for process `\DFFNE.$proc$C:\Users\gabri\DOWNLO~1\OSS-CA~1\bin\../share/yosys/gowin/cells_sim.v:0$260'.
Creating decoders for process `\DFFNE.$proc$C:\Users\gabri\DOWNLO~1\OSS-CA~1\bin\../share/yosys/gowin/cells_sim.v:381$259'.
     1/1: $0\Q[0:0]
Creating decoders for process `\DFFN.$proc$C:\Users\gabri\DOWNLO~1\OSS-CA~1\bin\../share/yosys/gowin/cells_sim.v:0$258'.
Creating decoders for process `\DFFN.$proc$C:\Users\gabri\DOWNLO~1\OSS-CA~1\bin\../share/yosys/gowin/cells_sim.v:366$257'.
Creating decoders for process `\DFFCE.$proc$C:\Users\gabri\DOWNLO~1\OSS-CA~1\bin\../share/yosys/gowin/cells_sim.v:0$256'.
Creating decoders for process `\DFFCE.$proc$C:\Users\gabri\DOWNLO~1\OSS-CA~1\bin\../share/yosys/gowin/cells_sim.v:348$255'.
     1/1: $0\Q[0:0]
Creating decoders for process `\DFFC.$proc$C:\Users\gabri\DOWNLO~1\OSS-CA~1\bin\../share/yosys/gowin/cells_sim.v:0$254'.
Creating decoders for process `\DFFC.$proc$C:\Users\gabri\DOWNLO~1\OSS-CA~1\bin\../share/yosys/gowin/cells_sim.v:328$253'.
     1/1: $0\Q[0:0]
Creating decoders for process `\DFFPE.$proc$C:\Users\gabri\DOWNLO~1\OSS-CA~1\bin\../share/yosys/gowin/cells_sim.v:0$252'.
Creating decoders for process `\DFFPE.$proc$C:\Users\gabri\DOWNLO~1\OSS-CA~1\bin\../share/yosys/gowin/cells_sim.v:309$251'.
     1/1: $0\Q[0:0]
Creating decoders for process `\DFFP.$proc$C:\Users\gabri\DOWNLO~1\OSS-CA~1\bin\../share/yosys/gowin/cells_sim.v:0$250'.
Creating decoders for process `\DFFP.$proc$C:\Users\gabri\DOWNLO~1\OSS-CA~1\bin\../share/yosys/gowin/cells_sim.v:289$249'.
     1/1: $0\Q[0:0]
Creating decoders for process `\DFFRE.$proc$C:\Users\gabri\DOWNLO~1\OSS-CA~1\bin\../share/yosys/gowin/cells_sim.v:0$248'.
Creating decoders for process `\DFFRE.$proc$C:\Users\gabri\DOWNLO~1\OSS-CA~1\bin\../share/yosys/gowin/cells_sim.v:270$247'.
     1/1: $0\Q[0:0]
Creating decoders for process `\DFFR.$proc$C:\Users\gabri\DOWNLO~1\OSS-CA~1\bin\../share/yosys/gowin/cells_sim.v:0$246'.
Creating decoders for process `\DFFR.$proc$C:\Users\gabri\DOWNLO~1\OSS-CA~1\bin\../share/yosys/gowin/cells_sim.v:250$245'.
     1/1: $0\Q[0:0]
Creating decoders for process `\DFFSE.$proc$C:\Users\gabri\DOWNLO~1\OSS-CA~1\bin\../share/yosys/gowin/cells_sim.v:0$244'.
Creating decoders for process `\DFFSE.$proc$C:\Users\gabri\DOWNLO~1\OSS-CA~1\bin\../share/yosys/gowin/cells_sim.v:231$243'.
     1/1: $0\Q[0:0]
Creating decoders for process `\DFFS.$proc$C:\Users\gabri\DOWNLO~1\OSS-CA~1\bin\../share/yosys/gowin/cells_sim.v:0$242'.
Creating decoders for process `\DFFS.$proc$C:\Users\gabri\DOWNLO~1\OSS-CA~1\bin\../share/yosys/gowin/cells_sim.v:211$241'.
     1/1: $0\Q[0:0]
Creating decoders for process `\DFFE.$proc$C:\Users\gabri\DOWNLO~1\OSS-CA~1\bin\../share/yosys/gowin/cells_sim.v:0$240'.
Creating decoders for process `\DFFE.$proc$C:\Users\gabri\DOWNLO~1\OSS-CA~1\bin\../share/yosys/gowin/cells_sim.v:194$239'.
     1/1: $0\Q[0:0]
Creating decoders for process `\DFF.$proc$C:\Users\gabri\DOWNLO~1\OSS-CA~1\bin\../share/yosys/gowin/cells_sim.v:0$238'.
Creating decoders for process `\DFF.$proc$C:\Users\gabri\DOWNLO~1\OSS-CA~1\bin\../share/yosys/gowin/cells_sim.v:179$237'.
Creating decoders for process `\synchronizer.$proc$../design/synchronizer.sv:10$49'.
     1/2: $0\sync_out[0:0]
     2/2: $0\stage1[0:0]
Creating decoders for process `\keypad_decoder.$proc$../design/keypad_decoder.sv:0$42'.
     1/2: $1\key_value[3:0]
     2/2: $1\key_valid[0:0]
Creating decoders for process `\input_fsm.$proc$../design/input_fsm.sv:65$35'.
     1/4: $0\display_sel[1:0]
     2/4: $0\do_sum[0:0]
     3/4: $0\num2[11:0]
     4/4: $0\num1[11:0]
Creating decoders for process `\input_fsm.$proc$../design/input_fsm.sv:0$26'.
     1/9: $9\next_state[1:0]
     2/9: $8\next_state[1:0]
     3/9: $7\next_state[1:0]
     4/9: $6\next_state[1:0]
     5/9: $5\next_state[1:0]
     6/9: $4\next_state[1:0]
     7/9: $3\next_state[1:0]
     8/9: $2\next_state[1:0]
     9/9: $1\next_state[1:0]
Creating decoders for process `\input_fsm.$proc$../design/input_fsm.sv:26$25'.
     1/1: $0\state[1:0]
Creating decoders for process `\display_mux.$proc$../design/display_mux.sv:0$24'.
Creating decoders for process `\display_mux.$proc$../design/display_mux.sv:16$20'.
     1/2: $0\counter[14:0]
     2/2: $0\sel[1:0]
Creating decoders for process `\debounce.$proc$../design/debounce.sv:16$15'.
     1/3: $0\counter[19:0]
     2/3: $0\state[0:0]
     3/3: $0\signal_clean[0:0]
Creating decoders for process `\col_scanner.$proc$../design/col_scanner.sv:10$12'.
     1/2: $0\counter[14:0]
     2/2: $0\col_scan[3:0]
Creating decoders for process `\bcd_to_7seg.$proc$../design/bcd_to_7seg.sv:0$11'.
     1/1: $1\seg[6:0]
Creating decoders for process `\adder.$proc$../design/adder.sv:22$9'.
     1/1: $0\result[13:0]

12.3.8. Executing PROC_DLATCH pass (convert process syncs to latches).
No latch inferred for signal `\keypad_decoder.\key_valid' from process `\keypad_decoder.$proc$../design/keypad_decoder.sv:0$42'.
No latch inferred for signal `\keypad_decoder.\key_value' from process `\keypad_decoder.$proc$../design/keypad_decoder.sv:0$42'.
No latch inferred for signal `\input_fsm.\next_state' from process `\input_fsm.$proc$../design/input_fsm.sv:0$26'.
No latch inferred for signal `\display_mux.\anode' from process `\display_mux.$proc$../design/display_mux.sv:0$24'.
No latch inferred for signal `\display_mux.\digit_out' from process `\display_mux.$proc$../design/display_mux.sv:0$24'.
No latch inferred for signal `\bcd_to_7seg.\seg' from process `\bcd_to_7seg.$proc$../design/bcd_to_7seg.sv:0$11'.

12.3.9. Executing PROC_DFF pass (convert process syncs to FFs).
Creating register for signal `\ALU.\C' using process `\ALU.$proc$C:\Users\gabri\DOWNLO~1\OSS-CA~1\bin\../share/yosys/gowin/cells_sim.v:661$279'.
  created direct connection (no actual register cell created).
Creating register for signal `\ALU.\S' using process `\ALU.$proc$C:\Users\gabri\DOWNLO~1\OSS-CA~1\bin\../share/yosys/gowin/cells_sim.v:661$279'.
  created direct connection (no actual register cell created).
Creating register for signal `\DFFNCE.\Q' using process `\DFFNCE.$proc$C:\Users\gabri\DOWNLO~1\OSS-CA~1\bin\../share/yosys/gowin/cells_sim.v:535$275'.
  created $adff cell `$procdff$574' with negative edge clock and positive level reset.
Creating register for signal `\DFFNC.\Q' using process `\DFFNC.$proc$C:\Users\gabri\DOWNLO~1\OSS-CA~1\bin\../share/yosys/gowin/cells_sim.v:515$273'.
  created $adff cell `$procdff$575' with negative edge clock and positive level reset.
Creating register for signal `\DFFNPE.\Q' using process `\DFFNPE.$proc$C:\Users\gabri\DOWNLO~1\OSS-CA~1\bin\../share/yosys/gowin/cells_sim.v:496$271'.
  created $adff cell `$procdff$576' with negative edge clock and positive level reset.
Creating register for signal `\DFFNP.\Q' using process `\DFFNP.$proc$C:\Users\gabri\DOWNLO~1\OSS-CA~1\bin\../share/yosys/gowin/cells_sim.v:476$269'.
  created $adff cell `$procdff$577' with negative edge clock and positive level reset.
Creating register for signal `\DFFNRE.\Q' using process `\DFFNRE.$proc$C:\Users\gabri\DOWNLO~1\OSS-CA~1\bin\../share/yosys/gowin/cells_sim.v:457$267'.
  created $dff cell `$procdff$578' with negative edge clock.
Creating register for signal `\DFFNR.\Q' using process `\DFFNR.$proc$C:\Users\gabri\DOWNLO~1\OSS-CA~1\bin\../share/yosys/gowin/cells_sim.v:437$265'.
  created $dff cell `$procdff$579' with negative edge clock.
Creating register for signal `\DFFNSE.\Q' using process `\DFFNSE.$proc$C:\Users\gabri\DOWNLO~1\OSS-CA~1\bin\../share/yosys/gowin/cells_sim.v:418$263'.
  created $dff cell `$procdff$580' with negative edge clock.
Creating register for signal `\DFFNS.\Q' using process `\DFFNS.$proc$C:\Users\gabri\DOWNLO~1\OSS-CA~1\bin\../share/yosys/gowin/cells_sim.v:398$261'.
  created $dff cell `$procdff$581' with negative edge clock.
Creating register for signal `\DFFNE.\Q' using process `\DFFNE.$proc$C:\Users\gabri\DOWNLO~1\OSS-CA~1\bin\../share/yosys/gowin/cells_sim.v:381$259'.
  created $dff cell `$procdff$582' with negative edge clock.
Creating register for signal `\DFFN.\Q' using process `\DFFN.$proc$C:\Users\gabri\DOWNLO~1\OSS-CA~1\bin\../share/yosys/gowin/cells_sim.v:366$257'.
  created $dff cell `$procdff$583' with negative edge clock.
Creating register for signal `\DFFCE.\Q' using process `\DFFCE.$proc$C:\Users\gabri\DOWNLO~1\OSS-CA~1\bin\../share/yosys/gowin/cells_sim.v:348$255'.
  created $adff cell `$procdff$584' with positive edge clock and positive level reset.
Creating register for signal `\DFFC.\Q' using process `\DFFC.$proc$C:\Users\gabri\DOWNLO~1\OSS-CA~1\bin\../share/yosys/gowin/cells_sim.v:328$253'.
  created $adff cell `$procdff$585' with positive edge clock and positive level reset.
Creating register for signal `\DFFPE.\Q' using process `\DFFPE.$proc$C:\Users\gabri\DOWNLO~1\OSS-CA~1\bin\../share/yosys/gowin/cells_sim.v:309$251'.
  created $adff cell `$procdff$586' with positive edge clock and positive level reset.
Creating register for signal `\DFFP.\Q' using process `\DFFP.$proc$C:\Users\gabri\DOWNLO~1\OSS-CA~1\bin\../share/yosys/gowin/cells_sim.v:289$249'.
  created $adff cell `$procdff$587' with positive edge clock and positive level reset.
Creating register for signal `\DFFRE.\Q' using process `\DFFRE.$proc$C:\Users\gabri\DOWNLO~1\OSS-CA~1\bin\../share/yosys/gowin/cells_sim.v:270$247'.
  created $dff cell `$procdff$588' with positive edge clock.
Creating register for signal `\DFFR.\Q' using process `\DFFR.$proc$C:\Users\gabri\DOWNLO~1\OSS-CA~1\bin\../share/yosys/gowin/cells_sim.v:250$245'.
  created $dff cell `$procdff$589' with positive edge clock.
Creating register for signal `\DFFSE.\Q' using process `\DFFSE.$proc$C:\Users\gabri\DOWNLO~1\OSS-CA~1\bin\../share/yosys/gowin/cells_sim.v:231$243'.
  created $dff cell `$procdff$590' with positive edge clock.
Creating register for signal `\DFFS.\Q' using process `\DFFS.$proc$C:\Users\gabri\DOWNLO~1\OSS-CA~1\bin\../share/yosys/gowin/cells_sim.v:211$241'.
  created $dff cell `$procdff$591' with positive edge clock.
Creating register for signal `\DFFE.\Q' using process `\DFFE.$proc$C:\Users\gabri\DOWNLO~1\OSS-CA~1\bin\../share/yosys/gowin/cells_sim.v:194$239'.
  created $dff cell `$procdff$592' with positive edge clock.
Creating register for signal `\DFF.\Q' using process `\DFF.$proc$C:\Users\gabri\DOWNLO~1\OSS-CA~1\bin\../share/yosys/gowin/cells_sim.v:179$237'.
  created $dff cell `$procdff$593' with positive edge clock.
Creating register for signal `\synchronizer.\sync_out' using process `\synchronizer.$proc$../design/synchronizer.sv:10$49'.
  created $dff cell `$procdff$594' with positive edge clock.
Creating register for signal `\synchronizer.\stage1' using process `\synchronizer.$proc$../design/synchronizer.sv:10$49'.
  created $dff cell `$procdff$595' with positive edge clock.
Creating register for signal `\input_fsm.\do_sum' using process `\input_fsm.$proc$../design/input_fsm.sv:65$35'.
  created $dff cell `$procdff$596' with positive edge clock.
Creating register for signal `\input_fsm.\num1' using process `\input_fsm.$proc$../design/input_fsm.sv:65$35'.
  created $dff cell `$procdff$597' with positive edge clock.
Creating register for signal `\input_fsm.\num2' using process `\input_fsm.$proc$../design/input_fsm.sv:65$35'.
  created $dff cell `$procdff$598' with positive edge clock.
Creating register for signal `\input_fsm.\display_sel' using process `\input_fsm.$proc$../design/input_fsm.sv:65$35'.
  created $dff cell `$procdff$599' with positive edge clock.
Creating register for signal `\input_fsm.\state' using process `\input_fsm.$proc$../design/input_fsm.sv:26$25'.
  created $dff cell `$procdff$600' with positive edge clock.
Creating register for signal `\display_mux.\counter' using process `\display_mux.$proc$../design/display_mux.sv:16$20'.
  created $dff cell `$procdff$601' with positive edge clock.
Creating register for signal `\display_mux.\sel' using process `\display_mux.$proc$../design/display_mux.sv:16$20'.
  created $dff cell `$procdff$602' with positive edge clock.
Creating register for signal `\debounce.\counter' using process `\debounce.$proc$../design/debounce.sv:16$15'.
  created $dff cell `$procdff$603' with positive edge clock.
Creating register for signal `\debounce.\signal_clean' using process `\debounce.$proc$../design/debounce.sv:16$15'.
  created $dff cell `$procdff$604' with positive edge clock.
Creating register for signal `\debounce.\state' using process `\debounce.$proc$../design/debounce.sv:16$15'.
  created $dff cell `$procdff$605' with positive edge clock.
Creating register for signal `\col_scanner.\col_scan' using process `\col_scanner.$proc$../design/col_scanner.sv:10$12'.
  created $dff cell `$procdff$606' with positive edge clock.
Creating register for signal `\col_scanner.\counter' using process `\col_scanner.$proc$../design/col_scanner.sv:10$12'.
  created $dff cell `$procdff$607' with positive edge clock.
Creating register for signal `\adder.\result' using process `\adder.$proc$../design/adder.sv:22$9'.
  created $dff cell `$procdff$608' with positive edge clock.

12.3.10. Executing PROC_MEMWR pass (convert process memory writes to cells).

12.3.11. Executing PROC_CLEAN pass (remove empty switches from decision trees).
Removing empty process `ALU.$proc$C:\Users\gabri\DOWNLO~1\OSS-CA~1\bin\../share/yosys/gowin/cells_sim.v:661$279'.
Removing empty process `DFFNCE.$proc$C:\Users\gabri\DOWNLO~1\OSS-CA~1\bin\../share/yosys/gowin/cells_sim.v:0$276'.
Found and cleaned up 1 empty switch in `\DFFNCE.$proc$C:\Users\gabri\DOWNLO~1\OSS-CA~1\bin\../share/yosys/gowin/cells_sim.v:535$275'.
Removing empty process `DFFNCE.$proc$C:\Users\gabri\DOWNLO~1\OSS-CA~1\bin\../share/yosys/gowin/cells_sim.v:535$275'.
Removing empty process `DFFNC.$proc$C:\Users\gabri\DOWNLO~1\OSS-CA~1\bin\../share/yosys/gowin/cells_sim.v:0$274'.
Removing empty process `DFFNC.$proc$C:\Users\gabri\DOWNLO~1\OSS-CA~1\bin\../share/yosys/gowin/cells_sim.v:515$273'.
Removing empty process `DFFNPE.$proc$C:\Users\gabri\DOWNLO~1\OSS-CA~1\bin\../share/yosys/gowin/cells_sim.v:0$272'.
Found and cleaned up 1 empty switch in `\DFFNPE.$proc$C:\Users\gabri\DOWNLO~1\OSS-CA~1\bin\../share/yosys/gowin/cells_sim.v:496$271'.
Removing empty process `DFFNPE.$proc$C:\Users\gabri\DOWNLO~1\OSS-CA~1\bin\../share/yosys/gowin/cells_sim.v:496$271'.
Removing empty process `DFFNP.$proc$C:\Users\gabri\DOWNLO~1\OSS-CA~1\bin\../share/yosys/gowin/cells_sim.v:0$270'.
Removing empty process `DFFNP.$proc$C:\Users\gabri\DOWNLO~1\OSS-CA~1\bin\../share/yosys/gowin/cells_sim.v:476$269'.
Removing empty process `DFFNRE.$proc$C:\Users\gabri\DOWNLO~1\OSS-CA~1\bin\../share/yosys/gowin/cells_sim.v:0$268'.
Found and cleaned up 2 empty switches in `\DFFNRE.$proc$C:\Users\gabri\DOWNLO~1\OSS-CA~1\bin\../share/yosys/gowin/cells_sim.v:457$267'.
Removing empty process `DFFNRE.$proc$C:\Users\gabri\DOWNLO~1\OSS-CA~1\bin\../share/yosys/gowin/cells_sim.v:457$267'.
Removing empty process `DFFNR.$proc$C:\Users\gabri\DOWNLO~1\OSS-CA~1\bin\../share/yosys/gowin/cells_sim.v:0$266'.
Found and cleaned up 1 empty switch in `\DFFNR.$proc$C:\Users\gabri\DOWNLO~1\OSS-CA~1\bin\../share/yosys/gowin/cells_sim.v:437$265'.
Removing empty process `DFFNR.$proc$C:\Users\gabri\DOWNLO~1\OSS-CA~1\bin\../share/yosys/gowin/cells_sim.v:437$265'.
Removing empty process `DFFNSE.$proc$C:\Users\gabri\DOWNLO~1\OSS-CA~1\bin\../share/yosys/gowin/cells_sim.v:0$264'.
Found and cleaned up 2 empty switches in `\DFFNSE.$proc$C:\Users\gabri\DOWNLO~1\OSS-CA~1\bin\../share/yosys/gowin/cells_sim.v:418$263'.
Removing empty process `DFFNSE.$proc$C:\Users\gabri\DOWNLO~1\OSS-CA~1\bin\../share/yosys/gowin/cells_sim.v:418$263'.
Removing empty process `DFFNS.$proc$C:\Users\gabri\DOWNLO~1\OSS-CA~1\bin\../share/yosys/gowin/cells_sim.v:0$262'.
Found and cleaned up 1 empty switch in `\DFFNS.$proc$C:\Users\gabri\DOWNLO~1\OSS-CA~1\bin\../share/yosys/gowin/cells_sim.v:398$261'.
Removing empty process `DFFNS.$proc$C:\Users\gabri\DOWNLO~1\OSS-CA~1\bin\../share/yosys/gowin/cells_sim.v:398$261'.
Removing empty process `DFFNE.$proc$C:\Users\gabri\DOWNLO~1\OSS-CA~1\bin\../share/yosys/gowin/cells_sim.v:0$260'.
Found and cleaned up 1 empty switch in `\DFFNE.$proc$C:\Users\gabri\DOWNLO~1\OSS-CA~1\bin\../share/yosys/gowin/cells_sim.v:381$259'.
Removing empty process `DFFNE.$proc$C:\Users\gabri\DOWNLO~1\OSS-CA~1\bin\../share/yosys/gowin/cells_sim.v:381$259'.
Removing empty process `DFFN.$proc$C:\Users\gabri\DOWNLO~1\OSS-CA~1\bin\../share/yosys/gowin/cells_sim.v:0$258'.
Removing empty process `DFFN.$proc$C:\Users\gabri\DOWNLO~1\OSS-CA~1\bin\../share/yosys/gowin/cells_sim.v:366$257'.
Removing empty process `DFFCE.$proc$C:\Users\gabri\DOWNLO~1\OSS-CA~1\bin\../share/yosys/gowin/cells_sim.v:0$256'.
Found and cleaned up 1 empty switch in `\DFFCE.$proc$C:\Users\gabri\DOWNLO~1\OSS-CA~1\bin\../share/yosys/gowin/cells_sim.v:348$255'.
Removing empty process `DFFCE.$proc$C:\Users\gabri\DOWNLO~1\OSS-CA~1\bin\../share/yosys/gowin/cells_sim.v:348$255'.
Removing empty process `DFFC.$proc$C:\Users\gabri\DOWNLO~1\OSS-CA~1\bin\../share/yosys/gowin/cells_sim.v:0$254'.
Removing empty process `DFFC.$proc$C:\Users\gabri\DOWNLO~1\OSS-CA~1\bin\../share/yosys/gowin/cells_sim.v:328$253'.
Removing empty process `DFFPE.$proc$C:\Users\gabri\DOWNLO~1\OSS-CA~1\bin\../share/yosys/gowin/cells_sim.v:0$252'.
Found and cleaned up 1 empty switch in `\DFFPE.$proc$C:\Users\gabri\DOWNLO~1\OSS-CA~1\bin\../share/yosys/gowin/cells_sim.v:309$251'.
Removing empty process `DFFPE.$proc$C:\Users\gabri\DOWNLO~1\OSS-CA~1\bin\../share/yosys/gowin/cells_sim.v:309$251'.
Removing empty process `DFFP.$proc$C:\Users\gabri\DOWNLO~1\OSS-CA~1\bin\../share/yosys/gowin/cells_sim.v:0$250'.
Removing empty process `DFFP.$proc$C:\Users\gabri\DOWNLO~1\OSS-CA~1\bin\../share/yosys/gowin/cells_sim.v:289$249'.
Removing empty process `DFFRE.$proc$C:\Users\gabri\DOWNLO~1\OSS-CA~1\bin\../share/yosys/gowin/cells_sim.v:0$248'.
Found and cleaned up 2 empty switches in `\DFFRE.$proc$C:\Users\gabri\DOWNLO~1\OSS-CA~1\bin\../share/yosys/gowin/cells_sim.v:270$247'.
Removing empty process `DFFRE.$proc$C:\Users\gabri\DOWNLO~1\OSS-CA~1\bin\../share/yosys/gowin/cells_sim.v:270$247'.
Removing empty process `DFFR.$proc$C:\Users\gabri\DOWNLO~1\OSS-CA~1\bin\../share/yosys/gowin/cells_sim.v:0$246'.
Found and cleaned up 1 empty switch in `\DFFR.$proc$C:\Users\gabri\DOWNLO~1\OSS-CA~1\bin\../share/yosys/gowin/cells_sim.v:250$245'.
Removing empty process `DFFR.$proc$C:\Users\gabri\DOWNLO~1\OSS-CA~1\bin\../share/yosys/gowin/cells_sim.v:250$245'.
Removing empty process `DFFSE.$proc$C:\Users\gabri\DOWNLO~1\OSS-CA~1\bin\../share/yosys/gowin/cells_sim.v:0$244'.
Found and cleaned up 2 empty switches in `\DFFSE.$proc$C:\Users\gabri\DOWNLO~1\OSS-CA~1\bin\../share/yosys/gowin/cells_sim.v:231$243'.
Removing empty process `DFFSE.$proc$C:\Users\gabri\DOWNLO~1\OSS-CA~1\bin\../share/yosys/gowin/cells_sim.v:231$243'.
Removing empty process `DFFS.$proc$C:\Users\gabri\DOWNLO~1\OSS-CA~1\bin\../share/yosys/gowin/cells_sim.v:0$242'.
Found and cleaned up 1 empty switch in `\DFFS.$proc$C:\Users\gabri\DOWNLO~1\OSS-CA~1\bin\../share/yosys/gowin/cells_sim.v:211$241'.
Removing empty process `DFFS.$proc$C:\Users\gabri\DOWNLO~1\OSS-CA~1\bin\../share/yosys/gowin/cells_sim.v:211$241'.
Removing empty process `DFFE.$proc$C:\Users\gabri\DOWNLO~1\OSS-CA~1\bin\../share/yosys/gowin/cells_sim.v:0$240'.
Found and cleaned up 1 empty switch in `\DFFE.$proc$C:\Users\gabri\DOWNLO~1\OSS-CA~1\bin\../share/yosys/gowin/cells_sim.v:194$239'.
Removing empty process `DFFE.$proc$C:\Users\gabri\DOWNLO~1\OSS-CA~1\bin\../share/yosys/gowin/cells_sim.v:194$239'.
Removing empty process `DFF.$proc$C:\Users\gabri\DOWNLO~1\OSS-CA~1\bin\../share/yosys/gowin/cells_sim.v:0$238'.
Removing empty process `DFF.$proc$C:\Users\gabri\DOWNLO~1\OSS-CA~1\bin\../share/yosys/gowin/cells_sim.v:179$237'.
Found and cleaned up 1 empty switch in `\synchronizer.$proc$../design/synchronizer.sv:10$49'.
Removing empty process `synchronizer.$proc$../design/synchronizer.sv:10$49'.
Found and cleaned up 1 empty switch in `\keypad_decoder.$proc$../design/keypad_decoder.sv:0$42'.
Removing empty process `keypad_decoder.$proc$../design/keypad_decoder.sv:0$42'.
Found and cleaned up 5 empty switches in `\input_fsm.$proc$../design/input_fsm.sv:65$35'.
Removing empty process `input_fsm.$proc$../design/input_fsm.sv:65$35'.
Found and cleaned up 9 empty switches in `\input_fsm.$proc$../design/input_fsm.sv:0$26'.
Removing empty process `input_fsm.$proc$../design/input_fsm.sv:0$26'.
Found and cleaned up 1 empty switch in `\input_fsm.$proc$../design/input_fsm.sv:26$25'.
Removing empty process `input_fsm.$proc$../design/input_fsm.sv:26$25'.
Removing empty process `display_mux.$proc$../design/display_mux.sv:0$24'.
Found and cleaned up 2 empty switches in `\display_mux.$proc$../design/display_mux.sv:16$20'.
Removing empty process `display_mux.$proc$../design/display_mux.sv:16$20'.
Found and cleaned up 3 empty switches in `\debounce.$proc$../design/debounce.sv:16$15'.
Removing empty process `debounce.$proc$../design/debounce.sv:16$15'.
Found and cleaned up 2 empty switches in `\col_scanner.$proc$../design/col_scanner.sv:10$12'.
Removing empty process `col_scanner.$proc$../design/col_scanner.sv:10$12'.
Found and cleaned up 1 empty switch in `\bcd_to_7seg.$proc$../design/bcd_to_7seg.sv:0$11'.
Removing empty process `bcd_to_7seg.$proc$../design/bcd_to_7seg.sv:0$11'.
Found and cleaned up 2 empty switches in `\adder.$proc$../design/adder.sv:22$9'.
Removing empty process `adder.$proc$../design/adder.sv:22$9'.
Cleaned up 45 empty switches.

12.3.12. Executing OPT_EXPR pass (perform const folding).
Optimizing module top.
<suppressed ~1 debug messages>
Optimizing module synchronizer.
Optimizing module keypad_decoder.
Optimizing module input_fsm.
<suppressed ~4 debug messages>
Optimizing module display_mux.
Optimizing module debounce.
Optimizing module col_scanner.
Optimizing module bcd_to_7seg.
Optimizing module adder.

12.4. Executing FLATTEN pass (flatten design).
Deleting now unused module synchronizer.
Deleting now unused module keypad_decoder.
Deleting now unused module input_fsm.
Deleting now unused module display_mux.
Deleting now unused module debounce.
Deleting now unused module col_scanner.
Deleting now unused module bcd_to_7seg.
Deleting now unused module adder.
<suppressed ~14 debug messages>

12.5. Executing TRIBUF pass.

12.6. Executing DEMINOUT pass (demote inout ports to input or output).

12.7. Executing SYNTH pass.

12.7.1. Executing PROC pass (convert processes to netlists).

12.7.1.1. Executing PROC_CLEAN pass (remove empty switches from decision trees).
Cleaned up 0 empty switches.

12.7.1.2. Executing PROC_RMDEAD pass (remove dead branches from decision trees).
Removed a total of 0 dead cases.

12.7.1.3. Executing PROC_PRUNE pass (remove redundant assignments in processes).
Removed 0 redundant assignments.
Promoted 0 assignments to connections.

12.7.1.4. Executing PROC_INIT pass (extract init attributes).

12.7.1.5. Executing PROC_ARST pass (detect async resets in processes).

12.7.1.6. Executing PROC_ROM pass (convert switches to ROMs).
Converted 0 switches.

12.7.1.7. Executing PROC_MUX pass (convert decision trees to multiplexers).

12.7.1.8. Executing PROC_DLATCH pass (convert process syncs to latches).

12.7.1.9. Executing PROC_DFF pass (convert process syncs to FFs).

12.7.1.10. Executing PROC_MEMWR pass (convert process memory writes to cells).

12.7.1.11. Executing PROC_CLEAN pass (remove empty switches from decision trees).
Cleaned up 0 empty switches.

12.7.1.12. Executing OPT_EXPR pass (perform const folding).
Optimizing module top.

12.7.2. Executing OPT_EXPR pass (perform const folding).
Optimizing module top.
<suppressed ~4 debug messages>

12.7.3. Executing OPT_CLEAN pass (remove unused cells and wires).
Finding unused cells or wires in module \top..
Removed 208 unused cells and 354 unused wires.
<suppressed ~258 debug messages>

12.7.4. Executing CHECK pass (checking for obvious problems).
Checking module top...
Found and reported 0 problems.

12.7.5. Executing OPT pass (performing simple optimizations).

12.7.5.1. Executing OPT_EXPR pass (perform const folding).
Optimizing module top.

12.7.5.2. Executing OPT_MERGE pass (detect identical cells).
Finding identical cells in module `\top'.
Removed a total of 0 cells.

12.7.5.3. Executing OPT_MUXTREE pass (detect dead branches in mux trees).
Running muxtree optimizer on module \top..
  Creating internal representation of mux trees.
  Evaluating internal representation of mux trees.
  Analyzing evaluation results.
Removed 0 multiplexer ports.
<suppressed ~2 debug messages>

12.7.5.4. Executing OPT_REDUCE pass (consolidate $*mux and $reduce_* inputs).
  Optimizing cells in module \top.
Performed a total of 0 changes.

12.7.5.5. Executing OPT_MERGE pass (detect identical cells).
Finding identical cells in module `\top'.
Removed a total of 0 cells.

12.7.5.6. Executing OPT_DFF pass (perform DFF optimizations).

12.7.5.7. Executing OPT_CLEAN pass (remove unused cells and wires).
Finding unused cells or wires in module \top..
Removed 0 unused cells and 9 unused wires.
<suppressed ~9 debug messages>

12.7.5.8. Executing OPT_EXPR pass (perform const folding).
Optimizing module top.

12.7.5.9. Rerunning OPT passes. (Maybe there is more to do..)

12.7.5.10. Executing OPT_MUXTREE pass (detect dead branches in mux trees).
Running muxtree optimizer on module \top..
  Creating internal representation of mux trees.
  Evaluating internal representation of mux trees.
  Analyzing evaluation results.
Removed 0 multiplexer ports.
<suppressed ~2 debug messages>

12.7.5.11. Executing OPT_REDUCE pass (consolidate $*mux and $reduce_* inputs).
  Optimizing cells in module \top.
Performed a total of 0 changes.

12.7.5.12. Executing OPT_MERGE pass (detect identical cells).
Finding identical cells in module `\top'.
Removed a total of 0 cells.

12.7.5.13. Executing OPT_DFF pass (perform DFF optimizations).

12.7.5.14. Executing OPT_CLEAN pass (remove unused cells and wires).
Finding unused cells or wires in module \top..

12.7.5.15. Executing OPT_EXPR pass (perform const folding).
Optimizing module top.

12.7.5.16. Finished OPT passes. (There is nothing left to do.)

12.7.6. Executing FSM pass (extract and optimize FSM).

12.7.6.1. Executing FSM_DETECT pass (finding FSMs in design).

12.7.6.2. Executing FSM_EXTRACT pass (extracting FSM from design).

12.7.6.3. Executing FSM_OPT pass (simple optimizations of FSMs).

12.7.6.4. Executing OPT_CLEAN pass (remove unused cells and wires).
Finding unused cells or wires in module \top..

12.7.6.5. Executing FSM_OPT pass (simple optimizations of FSMs).

12.7.6.6. Executing FSM_RECODE pass (re-assigning FSM state encoding).

12.7.6.7. Executing FSM_INFO pass (dumping all available information on FSM cells).

12.7.6.8. Executing FSM_MAP pass (mapping FSMs to basic logic).

12.7.7. Executing OPT pass (performing simple optimizations).

12.7.7.1. Executing OPT_EXPR pass (perform const folding).
Optimizing module top.

12.7.7.2. Executing OPT_MERGE pass (detect identical cells).
Finding identical cells in module `\top'.
Removed a total of 0 cells.

12.7.7.3. Executing OPT_MUXTREE pass (detect dead branches in mux trees).
Running muxtree optimizer on module \top..
  Creating internal representation of mux trees.
  Evaluating internal representation of mux trees.
  Analyzing evaluation results.
Removed 0 multiplexer ports.
<suppressed ~2 debug messages>

12.7.7.4. Executing OPT_REDUCE pass (consolidate $*mux and $reduce_* inputs).
  Optimizing cells in module \top.
Performed a total of 0 changes.

12.7.7.5. Executing OPT_MERGE pass (detect identical cells).
Finding identical cells in module `\top'.
Removed a total of 0 cells.

12.7.7.6. Executing OPT_DFF pass (perform DFF optimizations).
Adding SRST signal on $flatten\SCANNER.$procdff$607 ($dff) from module top (D = $flatten\SCANNER.$add$../design/col_scanner.sv:15$13_Y [14:0], Q = \SCANNER.counter, rval = 15'000000000000000).
Adding SRST signal on $flatten\SCANNER.$procdff$606 ($dff) from module top (D = $flatten\SCANNER.$procmux$563_Y, Q = \SCANNER.col_scan, rval = 4'0001).
Adding EN signal on $auto$ff.cc:266:slice$612 ($sdff) from module top (D = { \SCANNER.col_scan [2:0] \SCANNER.col_scan [3] }, Q = \SCANNER.col_scan).

12.7.7.7. Executing OPT_CLEAN pass (remove unused cells and wires).
Finding unused cells or wires in module \top..
Removed 4 unused cells and 4 unused wires.
<suppressed ~5 debug messages>

12.7.7.8. Executing OPT_EXPR pass (perform const folding).
Optimizing module top.

12.7.7.9. Rerunning OPT passes. (Maybe there is more to do..)

12.7.7.10. Executing OPT_MUXTREE pass (detect dead branches in mux trees).
Running muxtree optimizer on module \top..
  Creating internal representation of mux trees.
  No muxes found in this module.
Removed 0 multiplexer ports.

12.7.7.11. Executing OPT_REDUCE pass (consolidate $*mux and $reduce_* inputs).
  Optimizing cells in module \top.
Performed a total of 0 changes.

12.7.7.12. Executing OPT_MERGE pass (detect identical cells).
Finding identical cells in module `\top'.
Removed a total of 0 cells.

12.7.7.13. Executing OPT_DFF pass (perform DFF optimizations).

12.7.7.14. Executing OPT_CLEAN pass (remove unused cells and wires).
Finding unused cells or wires in module \top..

12.7.7.15. Executing OPT_EXPR pass (perform const folding).
Optimizing module top.

12.7.7.16. Finished OPT passes. (There is nothing left to do.)

12.7.8. Executing WREDUCE pass (reducing word size of cells).
Removed top 28 address bits (of 32) from memory init port top.$flatten\SEG.$auto$mem.cc:319:emit$326 ($flatten\SEG.$auto$proc_rom.cc:150:do_switch$324).
Removed top 31 bits (of 32) from port B of cell top.$flatten\SCANNER.$add$../design/col_scanner.sv:15$13 ($add).
Removed top 17 bits (of 32) from port Y of cell top.$flatten\SCANNER.$add$../design/col_scanner.sv:15$13 ($add).
Removed top 17 bits (of 32) from wire top.$flatten\SCANNER.$add$../design/col_scanner.sv:15$13_Y.

12.7.9. Executing PEEPOPT pass (run peephole optimizers).

12.7.10. Executing OPT_CLEAN pass (remove unused cells and wires).
Finding unused cells or wires in module \top..
Removed 0 unused cells and 1 unused wires.
<suppressed ~1 debug messages>

12.7.11. Executing ALUMACC pass (create $alu and $macc cells).
Extracting $alu and $macc cells in module top:
  creating $macc model for $flatten\SCANNER.$add$../design/col_scanner.sv:15$13 ($add).
  creating $alu model for $macc $flatten\SCANNER.$add$../design/col_scanner.sv:15$13.
  creating $alu cell for $flatten\SCANNER.$add$../design/col_scanner.sv:15$13: $auto$alumacc.cc:485:replace_alu$615
  created 1 $alu and 0 $macc cells.

12.7.12. Executing SHARE pass (SAT-based resource sharing).

12.7.13. Executing OPT pass (performing simple optimizations).

12.7.13.1. Executing OPT_EXPR pass (perform const folding).
Optimizing module top.

12.7.13.2. Executing OPT_MERGE pass (detect identical cells).
Finding identical cells in module `\top'.
Removed a total of 0 cells.

12.7.13.3. Executing OPT_MUXTREE pass (detect dead branches in mux trees).
Running muxtree optimizer on module \top..
  Creating internal representation of mux trees.
  No muxes found in this module.
Removed 0 multiplexer ports.

12.7.13.4. Executing OPT_REDUCE pass (consolidate $*mux and $reduce_* inputs).
  Optimizing cells in module \top.
Performed a total of 0 changes.

12.7.13.5. Executing OPT_MERGE pass (detect identical cells).
Finding identical cells in module `\top'.
Removed a total of 0 cells.

12.7.13.6. Executing OPT_DFF pass (perform DFF optimizations).

12.7.13.7. Executing OPT_CLEAN pass (remove unused cells and wires).
Finding unused cells or wires in module \top..

12.7.13.8. Executing OPT_EXPR pass (perform const folding).
Optimizing module top.

12.7.13.9. Finished OPT passes. (There is nothing left to do.)

12.7.14. Executing MEMORY pass.

12.7.14.1. Executing OPT_MEM pass (optimize memories).
Performed a total of 0 transformations.

12.7.14.2. Executing OPT_MEM_PRIORITY pass (removing unnecessary memory write priority relations).
Performed a total of 0 transformations.

12.7.14.3. Executing OPT_MEM_FEEDBACK pass (finding memory read-to-write feedback paths).

12.7.14.4. Executing MEMORY_BMUX2ROM pass (converting muxes to ROMs).

12.7.14.5. Executing MEMORY_DFF pass (merging $dff cells to $memrd).
Checking read port `$flatten\SEG.$auto$proc_rom.cc:150:do_switch$324'[0] in module `\top': no output FF found.
Checking read port address `$flatten\SEG.$auto$proc_rom.cc:150:do_switch$324'[0] in module `\top': no address FF found.

12.7.14.6. Executing OPT_CLEAN pass (remove unused cells and wires).
Finding unused cells or wires in module \top..

12.7.14.7. Executing MEMORY_SHARE pass (consolidating $memrd/$memwr cells).

12.7.14.8. Executing OPT_MEM_WIDEN pass (optimize memories where all ports are wide).
Performed a total of 0 transformations.

12.7.14.9. Executing OPT_CLEAN pass (remove unused cells and wires).
Finding unused cells or wires in module \top..

12.7.14.10. Executing MEMORY_COLLECT pass (generating $mem cells).

12.7.15. Executing OPT_CLEAN pass (remove unused cells and wires).
Finding unused cells or wires in module \top..

12.8. Executing MEMORY_LIBMAP pass (mapping memories to cells).
using FF mapping for memory top.$flatten\SEG.$auto$proc_rom.cc:150:do_switch$324
<suppressed ~6 debug messages>

12.9. Executing TECHMAP pass (map to technology primitives).

12.9.1. Executing Verilog-2005 frontend: C:\Users\gabri\DOWNLO~1\OSS-CA~1\bin\../share/yosys/gowin/lutrams_map.v
Parsing Verilog input from `C:\Users\gabri\DOWNLO~1\OSS-CA~1\bin\../share/yosys/gowin/lutrams_map.v' to AST representation.
Generating RTLIL representation for module `\$__GOWIN_LUTRAM_'.
Successfully finished Verilog frontend.

12.9.2. Executing Verilog-2005 frontend: C:\Users\gabri\DOWNLO~1\OSS-CA~1\bin\../share/yosys/gowin/brams_map.v
Parsing Verilog input from `C:\Users\gabri\DOWNLO~1\OSS-CA~1\bin\../share/yosys/gowin/brams_map.v' to AST representation.
Generating RTLIL representation for module `\$__GOWIN_SP_'.
Generating RTLIL representation for module `\$__GOWIN_DP_'.
Generating RTLIL representation for module `\$__GOWIN_SDP_'.
Successfully finished Verilog frontend.

12.9.3. Continuing TECHMAP pass.
No more expansions possible.
<suppressed ~6 debug messages>

12.10. Executing OPT pass (performing simple optimizations).

12.10.1. Executing OPT_EXPR pass (perform const folding).
Optimizing module top.
<suppressed ~8 debug messages>

12.10.2. Executing OPT_MERGE pass (detect identical cells).
Finding identical cells in module `\top'.
Removed a total of 0 cells.

12.10.3. Executing OPT_DFF pass (perform DFF optimizations).

12.10.4. Executing OPT_CLEAN pass (remove unused cells and wires).
Finding unused cells or wires in module \top..

12.10.5. Finished fast OPT passes.

12.11. Executing MEMORY_MAP pass (converting memories to logic and flip-flops).
Mapping memory $flatten\SEG.$auto$proc_rom.cc:150:do_switch$324 in module \top:
  created 16 $dff cells and 0 static cells of width 7.
  read interface: 0 $dff and 15 $mux cells.
  write interface: 0 write mux blocks.

12.12. Executing OPT pass (performing simple optimizations).

12.12.1. Executing OPT_EXPR pass (perform const folding).
Optimizing module top.
<suppressed ~15 debug messages>

12.12.2. Executing OPT_MERGE pass (detect identical cells).
Finding identical cells in module `\top'.
Removed a total of 0 cells.

12.12.3. Executing OPT_MUXTREE pass (detect dead branches in mux trees).
Running muxtree optimizer on module \top..
  Creating internal representation of mux trees.
  No muxes found in this module.
Removed 0 multiplexer ports.

12.12.4. Executing OPT_REDUCE pass (consolidate $*mux and $reduce_* inputs).
  Optimizing cells in module \top.
Performed a total of 0 changes.

12.12.5. Executing OPT_MERGE pass (detect identical cells).
Finding identical cells in module `\top'.
Removed a total of 0 cells.

12.12.6. Executing OPT_DFF pass (perform DFF optimizations).

12.12.7. Executing OPT_CLEAN pass (remove unused cells and wires).
Finding unused cells or wires in module \top..
Removed 0 unused cells and 30 unused wires.
<suppressed ~1 debug messages>

12.12.8. Executing OPT_EXPR pass (perform const folding).
Optimizing module top.

12.12.9. Rerunning OPT passes. (Maybe there is more to do..)

12.12.10. Executing OPT_MUXTREE pass (detect dead branches in mux trees).
Running muxtree optimizer on module \top..
  Creating internal representation of mux trees.
  No muxes found in this module.
Removed 0 multiplexer ports.

12.12.11. Executing OPT_REDUCE pass (consolidate $*mux and $reduce_* inputs).
  Optimizing cells in module \top.
Performed a total of 0 changes.

12.12.12. Executing OPT_MERGE pass (detect identical cells).
Finding identical cells in module `\top'.
Removed a total of 0 cells.

12.12.13. Executing OPT_DFF pass (perform DFF optimizations).

12.12.14. Executing OPT_CLEAN pass (remove unused cells and wires).
Finding unused cells or wires in module \top..

12.12.15. Executing OPT_EXPR pass (perform const folding).
Optimizing module top.

12.12.16. Finished OPT passes. (There is nothing left to do.)

12.13. Executing TECHMAP pass (map to technology primitives).

12.13.1. Executing Verilog-2005 frontend: C:\Users\gabri\DOWNLO~1\OSS-CA~1\bin\../share/yosys/techmap.v
Parsing Verilog input from `C:\Users\gabri\DOWNLO~1\OSS-CA~1\bin\../share/yosys/techmap.v' to AST representation.
Generating RTLIL representation for module `\_90_simplemap_bool_ops'.
Generating RTLIL representation for module `\_90_simplemap_reduce_ops'.
Generating RTLIL representation for module `\_90_simplemap_logic_ops'.
Generating RTLIL representation for module `\_90_simplemap_compare_ops'.
Generating RTLIL representation for module `\_90_simplemap_various'.
Generating RTLIL representation for module `\_90_simplemap_registers'.
Generating RTLIL representation for module `\_90_shift_ops_shr_shl_sshl_sshr'.
Generating RTLIL representation for module `\_90_shift_shiftx'.
Generating RTLIL representation for module `\_90_fa'.
Generating RTLIL representation for module `\_90_lcu'.
Generating RTLIL representation for module `\_90_alu'.
Generating RTLIL representation for module `\_90_macc'.
Generating RTLIL representation for module `\_90_alumacc'.
Generating RTLIL representation for module `\$__div_mod_u'.
Generating RTLIL representation for module `\$__div_mod_trunc'.
Generating RTLIL representation for module `\_90_div'.
Generating RTLIL representation for module `\_90_mod'.
Generating RTLIL representation for module `\$__div_mod_floor'.
Generating RTLIL representation for module `\_90_divfloor'.
Generating RTLIL representation for module `\_90_modfloor'.
Generating RTLIL representation for module `\_90_pow'.
Generating RTLIL representation for module `\_90_pmux'.
Generating RTLIL representation for module `\_90_demux'.
Generating RTLIL representation for module `\_90_lut'.
Successfully finished Verilog frontend.

12.13.2. Executing Verilog-2005 frontend: C:\Users\gabri\DOWNLO~1\OSS-CA~1\bin\../share/yosys/gowin/arith_map.v
Parsing Verilog input from `C:\Users\gabri\DOWNLO~1\OSS-CA~1\bin\../share/yosys/gowin/arith_map.v' to AST representation.
Generating RTLIL representation for module `\_80_gw1n_alu'.
Successfully finished Verilog frontend.

12.13.3. Continuing TECHMAP pass.
Using template $paramod$3b7577489eb4433b1d5620cab7f3794743dee5ea\_80_gw1n_alu for cells of type $alu.
Using extmapper simplemap for cells of type $sdffe.
Using extmapper simplemap for cells of type $eq.
Using extmapper simplemap for cells of type $sdff.
Using extmapper simplemap for cells of type $reduce_or.
Using extmapper simplemap for cells of type $not.
Using extmapper simplemap for cells of type $pos.
Using extmapper simplemap for cells of type $xor.
No more expansions possible.
<suppressed ~115 debug messages>

12.14. Executing OPT pass (performing simple optimizations).

12.14.1. Executing OPT_EXPR pass (perform const folding).
Optimizing module top.
<suppressed ~49 debug messages>

12.14.2. Executing OPT_MERGE pass (detect identical cells).
Finding identical cells in module `\top'.
<suppressed ~3 debug messages>
Removed a total of 1 cells.

12.14.3. Executing OPT_DFF pass (perform DFF optimizations).

12.14.4. Executing OPT_CLEAN pass (remove unused cells and wires).
Finding unused cells or wires in module \top..
Removed 0 unused cells and 33 unused wires.
<suppressed ~1 debug messages>

12.14.5. Finished fast OPT passes.

12.15. Executing IOPADMAP pass (mapping inputs/outputs to IO-PAD cells).
Mapping port top.anode using OBUF.
Mapping port top.clk using IBUF.
Mapping port top.col using OBUF.
Mapping port top.row using IBUF.
Mapping port top.rst using IBUF.
Mapping port top.seg using OBUF.

12.16. Executing OPT_CLEAN pass (remove unused cells and wires).
Finding unused cells or wires in module \top..
Removed 0 unused cells and 6 unused wires.
<suppressed ~1 debug messages>

12.17. Executing DFFLEGALIZE pass (convert FFs to types supported by the target).

12.18. Executing TECHMAP pass (map to technology primitives).

12.18.1. Executing Verilog-2005 frontend: C:\Users\gabri\DOWNLO~1\OSS-CA~1\bin\../share/yosys/gowin/cells_map.v
Parsing Verilog input from `C:\Users\gabri\DOWNLO~1\OSS-CA~1\bin\../share/yosys/gowin/cells_map.v' to AST representation.
Generating RTLIL representation for module `\$_DFF_N_'.
Generating RTLIL representation for module `\$_DFF_P_'.
Generating RTLIL representation for module `\$_DFFE_PP_'.
Generating RTLIL representation for module `\$_DFFE_NP_'.
Generating RTLIL representation for module `\$_SDFF_PP0_'.
Generating RTLIL representation for module `\$_SDFF_NP0_'.
Generating RTLIL representation for module `\$_SDFFE_PP0P_'.
Generating RTLIL representation for module `\$_SDFFE_NP0P_'.
Generating RTLIL representation for module `\$_SDFF_PP1_'.
Generating RTLIL representation for module `\$_SDFF_NP1_'.
Generating RTLIL representation for module `\$_SDFFE_PP1P_'.
Generating RTLIL representation for module `\$_SDFFE_NP1P_'.
Generating RTLIL representation for module `\$_DFF_PP1_'.
Generating RTLIL representation for module `\$_DFF_NP1_'.
Generating RTLIL representation for module `\$_DFF_PP0_'.
Generating RTLIL representation for module `\$_DFF_NP0_'.
Generating RTLIL representation for module `\$_DFFE_PP1P_'.
Generating RTLIL representation for module `\$_DFFE_NP1P_'.
Generating RTLIL representation for module `\$_DFFE_PP0P_'.
Generating RTLIL representation for module `\$_DFFE_NP0P_'.
Generating RTLIL representation for module `\$lut'.
Successfully finished Verilog frontend.

12.18.2. Continuing TECHMAP pass.
Using template \$_SDFF_PP0_ for cells of type $_SDFF_PP0_.
Using template \$_SDFFE_PP0P_ for cells of type $_SDFFE_PP0P_.
Using template \$_SDFFE_PP1P_ for cells of type $_SDFFE_PP1P_.
No more expansions possible.
<suppressed ~42 debug messages>

12.19. Executing OPT_EXPR pass (perform const folding).
Optimizing module top.

12.20. Executing SIMPLEMAP pass (map simple cells to gate primitives).

12.21. Executing ABC pass (technology mapping using ABC).

12.21.1. Extracting gate netlist of module `\top' to `<abc-temp-dir>/input.blif'..
Extracted 30 gates and 46 wires to a netlist network with 16 inputs and 5 outputs.

12.21.1.1. Executing ABC.
Running ABC command: "<yosys-exe-dir>/yosys-abc" -s -f <abc-temp-dir>/abc.script 2>&1
ABC: ABC command line: "source <abc-temp-dir>/abc.script".
ABC: 
ABC: + read_blif <abc-temp-dir>/input.blif 
ABC: + read_lut <abc-temp-dir>/lutdefs.txt 
ABC: + strash 
ABC: + &get -n 
ABC: + &fraig -x 
ABC: + &put 
ABC: + scorr 
ABC: Warning: The network is combinational (run "fraig" or "fraig_sweep").
ABC: + dc2 
ABC: + dretime 
ABC: + strash 
ABC: + dch -f 
ABC: + if 
ABC: + mfs2 
ABC: + write_blif <abc-temp-dir>/output.blif 

12.21.1.2. Re-integrating ABC results.
ABC RESULTS:              $lut cells:        9
ABC RESULTS:        internal signals:       25
ABC RESULTS:           input signals:       16
ABC RESULTS:          output signals:        5
Removing temp directory.
Removed 0 unused cells and 135 unused wires.

12.22. Executing TECHMAP pass (map to technology primitives).

12.22.1. Executing Verilog-2005 frontend: C:\Users\gabri\DOWNLO~1\OSS-CA~1\bin\../share/yosys/gowin/cells_map.v
Parsing Verilog input from `C:\Users\gabri\DOWNLO~1\OSS-CA~1\bin\../share/yosys/gowin/cells_map.v' to AST representation.
Generating RTLIL representation for module `\$_DFF_N_'.
Generating RTLIL representation for module `\$_DFF_P_'.
Generating RTLIL representation for module `\$_DFFE_PP_'.
Generating RTLIL representation for module `\$_DFFE_NP_'.
Generating RTLIL representation for module `\$_SDFF_PP0_'.
Generating RTLIL representation for module `\$_SDFF_NP0_'.
Generating RTLIL representation for module `\$_SDFFE_PP0P_'.
Generating RTLIL representation for module `\$_SDFFE_NP0P_'.
Generating RTLIL representation for module `\$_SDFF_PP1_'.
Generating RTLIL representation for module `\$_SDFF_NP1_'.
Generating RTLIL representation for module `\$_SDFFE_PP1P_'.
Generating RTLIL representation for module `\$_SDFFE_NP1P_'.
Generating RTLIL representation for module `\$_DFF_PP1_'.
Generating RTLIL representation for module `\$_DFF_NP1_'.
Generating RTLIL representation for module `\$_DFF_PP0_'.
Generating RTLIL representation for module `\$_DFF_NP0_'.
Generating RTLIL representation for module `\$_DFFE_PP1P_'.
Generating RTLIL representation for module `\$_DFFE_NP1P_'.
Generating RTLIL representation for module `\$_DFFE_PP0P_'.
Generating RTLIL representation for module `\$_DFFE_NP0P_'.
Generating RTLIL representation for module `\$lut'.
Successfully finished Verilog frontend.

12.22.2. Continuing TECHMAP pass.
Using template $paramod$272652f6c6fbe9a75eff76e45cc7e2788835518b\$lut for cells of type $lut.
Using template $paramod\$lut\WIDTH=32'00000000000000000000000000000011\LUT=8'00000001 for cells of type $lut.
Using template $paramod$571404c0889eaf57f492cb5e37f8acb5df5852f9\$lut for cells of type $lut.
Using template $paramod$2b2b3565ec13859d2b24f2fa297fa46249270140\$lut for cells of type $lut.
Using template $paramod$61bc98ece8c76bffd4acdf40e5f231340cba90fc\$lut for cells of type $lut.
No more expansions possible.
<suppressed ~99 debug messages>

12.23. Executing OPT_LUT_INS pass (discard unused LUT inputs).
Optimizing LUTs in top.
  Optimizing lut $abc$1099$auto$blifparse.cc:525:parse_blif$1105.genblk1.genblk1.genblk1.genblk1.genblk1.lut1 (4 -> 0)

12.24. Executing SETUNDEF pass (replace undef values with defined constants).

12.25. Executing HILOMAP pass (mapping to constant drivers).
Removed 0 unused cells and 27 unused wires.

12.26. Executing AUTONAME pass.
Renamed 280 objects in module top (11 iterations).
<suppressed ~79 debug messages>

12.27. Executing HIERARCHY pass (managing design hierarchy).

12.27.1. Analyzing design hierarchy..
Top module:  \top

12.27.2. Analyzing design hierarchy..
Top module:  \top
Removed 0 unused modules.

12.28. Printing statistics.

=== top ===

   Number of wires:                 57
   Number of wire bits:            178
   Number of public wires:          57
   Number of public wire bits:     178
   Number of memories:               0
   Number of memory bits:            0
   Number of processes:              0
   Number of cells:                 68
     ALU                            15
     DFFR                           15
     DFFRE                           3
     DFFSE                           1
     GND                             1
     IBUF                            6
     LUT1                            1
     LUT3                            1
     LUT4                            8
     MUX2_LUT5                       1
     OBUF                           15
     VCC                             1

12.29. Executing CHECK pass (checking for obvious problems).
Checking module top...
Found and reported 0 problems.

12.30. Executing JSON backend.

End of script. Logfile hash: 93cb8810db
Yosys 0.26+1 (git sha1 b1a011138, x86_64-w64-mingw32-g++ 9.2.1 -Os)
Time spent: 1% 20x read_verilog (0 sec), 1% 17x opt_expr (0 sec), ...
